#
# A fatal error has been detected by the Java Runtime Environment:
#
#  EXCEPTION_ACCESS_VIOLATION (0xc0000005) at pc=0x00007fff2d65b84a, pid=19380, tid=4624
#
# JRE version: Java(TM) SE Runtime Environment (15.0.2+7) (build 15.0.2+7-27)
# Java VM: Java HotSpot(TM) 64-Bit Server VM (15.0.2+7-27, mixed mode, sharing, tiered, compressed oops, g1 gc, windows-amd64)
# Problematic frame:
# V  [jvm.dll+0x75b84a]
#
# No core dump will be written. Minidumps are not enabled by default on client versions of Windows
#
# If you would like to submit a bug report, please visit:
#   https://bugreport.java.com/bugreport/crash.jsp
#

---------------  S U M M A R Y ------------

Command Line: -XX:+ShowCodeDetailsInExceptionMessages -agentlib:jdwp=transport=dt_socket,suspend=y,address=localhost:51668 -javaagent:C:\IOT\utils\eclipse\configuration\org.eclipse.osgi\405\0\.cp\lib\javaagent-shaded.jar -Dfile.encoding=UTF-8 test.com.Test04while

Host: Intel(R) Core(TM) i5-10210U CPU @ 1.60GHz, 8 cores, 31G,  Windows 10 , 64 bit Build 19041 (10.0.19041.662)
Time: Thu Feb 18 15:16:36 2021 대한민국 표준시 elapsed time: 1498.993549 seconds (0d 0h 24m 58s)

---------------  T H R E A D  ---------------

Current thread (0x000001fe9b93edd0):  JavaThread "main" [_thread_in_vm, id=4624, stack(0x000000501d400000,0x000000501d500000)]

Stack: [0x000000501d400000,0x000000501d500000],  sp=0x000000501d4ff4e0,  free space=1021k
Native frames: (J=compiled Java code, j=interpreted, Vv=VM code, C=native code)
V  [jvm.dll+0x75b84a]
V  [jvm.dll+0x34b9ca]
C  0x000001fea3baf3d7

Java frames: (J=compiled Java code, j=interpreted, Vv=VM code)
j  test.com.Test04while.main([Ljava/lang/String;)V+-38
v  ~StubRoutines::call_stub

siginfo: EXCEPTION_ACCESS_VIOLATION (0xc0000005), reading address 0x00000000000000e0


Register to memory mapping:

RIP=0x00007fff2d65b84a jvm.dll
RAX=0x00000000000000c8 is an unknown value
RBX=0x000001fe9b93edd0 is a thread
RCX=0x0 is NULL
RDX=0x000000001d4ff578 is an unknown value
RSP=0x000000501d4ff4e0 is pointing into the stack for thread: 0x000001fe9b93edd0
RBP=0x0000000000000001 is an unknown value
RSI=3255328899 is a compressed pointer to object: java.io.FileOutputStream 
{0x0000000610430418} - klass: 'java/io/FileOutputStream'
RDI=0x000000001d4ff578 is an unknown value
R8 =0x000001fe9b93ed01 points into unknown readable memory: 00 00 00 00 00 00 00
R9 =0x000001fe9b93edd0 is a thread
R10=0x00007fff2d24b9a0 jvm.dll
R11=0x000000061040cdd8 is an oop: java.io.PrintStream 
{0x000000061040cdd8} - klass: 'java/io/PrintStream'
R12=0x0 is NULL
R13=0x000001fec8bc843a is pointing into metadata
R14=0x000000501d4ff5d0 is pointing into the stack for thread: 0x000001fe9b93edd0
R15=0x000001fe9b93edd0 is a thread


Registers:
RAX=0x00000000000000c8, RBX=0x000001fe9b93edd0, RCX=0x0000000000000000, RDX=0x000000001d4ff578
RSP=0x000000501d4ff4e0, RBP=0x0000000000000001, RSI=0x00000000c2086083, RDI=0x000000001d4ff578
R8 =0x000001fe9b93ed01, R9 =0x000001fe9b93edd0, R10=0x00007fff2d24b9a0, R11=0x000000061040cdd8
R12=0x0000000000000000, R13=0x000001fec8bc843a, R14=0x000000501d4ff5d0, R15=0x000001fe9b93edd0
RIP=0x00007fff2d65b84a, EFLAGS=0x0000000000010202

Top of Stack: (sp=0x000000501d4ff4e0)
0x000000501d4ff4e0:   0000000000000000 000000062304d4c0
0x000000501d4ff4f0:   0000000622d41e20 000000062304d4c0
0x000000501d4ff500:   000000501d4ff500 000000080072214e
0x000000501d4ff510:   0000000000000000 00007fff2d24b9ca
0x000000501d4ff520:   000001fe9b93edd0 000000501d4ff5c0
0x000000501d4ff530:   00000000c2086083 0000000000000051
0x000000501d4ff540:   0000000000000000 000001fea3baf3d7
0x000000501d4ff550:   00000000000000bc 000001fea3b8cda0
0x000000501d4ff560:   000001fea3b8cda0 000000061040ce00
0x000000501d4ff570:   000000061040cdd8 000001fea3baf391
0x000000501d4ff580:   000001fec8bc843a 000000501d4ff5d0
0x000000501d4ff590:   000001fec8bc8518 0000000000000000
0x000000501d4ff5a0:   000000061040cec8 000001fec8bc8490
0x000000501d4ff5b0:   0000000000000000 000000501d4ff5d0
0x000000501d4ff5c0:   000000501d4ff7b0 000001fea3b80f90
0x000000501d4ff5d0:   000000061040cf38 000001fe00000000 

Instructions: (pc=0x00007fff2d65b84a)
0x00007fff2d65b74a:   ba 40 00 00 00 48 0f 45 fb 48 8b 04 c8 80 3c 02
0x00007fff2d65b75a:   00 75 05 e8 aa d3 07 00 49 8b 06 49 8b ce 48 8b
0x00007fff2d65b76a:   1d 49 a7 2f 00 ff 90 d8 00 00 00 48 3b c3 0f 85
0x00007fff2d65b77a:   9c 00 00 00 41 8b 46 28 85 c0 0f 84 8b 00 00 00
0x00007fff2d65b78a:   83 f8 01 75 31 48 8b 07 48 8b cf ff 90 d8 00 00
0x00007fff2d65b79a:   00 44 89 64 24 38 45 33 c9 4c 89 6c 24 30 48 8b
0x00007fff2d65b7aa:   d0 89 6c 24 28 45 33 c0 41 8b cf 89 74 24 20 e8
0x00007fff2d65b7ba:   b2 a1 ff ff eb 35 83 f8 05 74 29 83 c0 fe a9 fd
0x00007fff2d65b7ca:   ff ff ff 74 19 83 7f 28 00 74 40 48 8b 07 ba 01
0x00007fff2d65b7da:   00 00 00 48 8b cf ff 90 b0 00 00 00 eb 0d 83 7f
0x00007fff2d65b7ea:   28 05 75 32 48 8b 05 f3 9c 36 00 48 8b 5c 24 70
0x00007fff2d65b7fa:   48 8b 6c 24 78 48 8b b4 24 80 00 00 00 48 83 c4
0x00007fff2d65b80a:   40 41 5f 41 5e 41 5d 41 5c 5f c3 48 8b c7 eb db
0x00007fff2d65b81a:   41 83 ff 05 74 ce 48 8b 05 b9 9c 36 00 eb cc cc
0x00007fff2d65b82a:   cc cc cc cc cc cc 48 89 5c 24 08 48 89 6c 24 10
0x00007fff2d65b83a:   48 89 74 24 18 57 48 83 ec 30 8b fa 41 0f b6 e8
0x00007fff2d65b84a:   8b 91 e0 00 00 00 48 8b f1 8b cf 4d 8b c1 49 8b
0x00007fff2d65b85a:   d9 e8 d0 6b da ff 48 83 7b 08 00 74 04 33 c0 eb
0x00007fff2d65b86a:   5b 4c 63 46 08 48 8b d7 4c 8b 15 67 9f 36 00 41
0x00007fff2d65b87a:   0f b6 c8 44 8b 0d 6c 11 2a 00 80 e1 3f 49 c1 f8
0x00007fff2d65b88a:   10 41 ff c9 45 0f b6 c0 4d 8b 1a 49 83 c0 07 48
0x00007fff2d65b89a:   d3 e2 49 8b ca 4c 03 c2 48 89 5c 24 28 49 c1 e8
0x00007fff2d65b8aa:   03 48 8b d6 45 03 c1 40 88 6c 24 20 41 f7 d1 45
0x00007fff2d65b8ba:   23 c1 44 8b cf 41 ff 93 98 00 00 00 48 8b 5c 24
0x00007fff2d65b8ca:   40 48 8b 6c 24 48 48 8b 74 24 50 48 83 c4 30 5f
0x00007fff2d65b8da:   c3 cc cc cc cc cc 40 56 57 41 55 48 81 ec c0 00
0x00007fff2d65b8ea:   00 00 44 0f b6 15 ed 76 32 00 49 8b f9 4d 63 e8
0x00007fff2d65b8fa:   4c 8b c9 8b 0d 1d 01 2a 00 48 8b f2 4c 8b 05 0b
0x00007fff2d65b90a:   01 2a 00 45 84 d2 74 0d 8b 57 08 8b c2 48 d3 e0
0x00007fff2d65b91a:   49 03 c0 eb 06 48 8b 47 08 8b d0 81 78 08 00 00
0x00007fff2d65b92a:   00 c0 48 89 9c 24 e0 00 00 00 48 89 ac 24 e8 00
0x00007fff2d65b93a:   00 00 4c 89 a4 24 f0 00 00 00 4c 89 b4 24 b8 00 


Stack slot to memory mapping:
stack at sp + 0 slots: 0x0 is NULL
stack at sp + 1 slots: 0x000000062304d4c0 is pointing into object: java.nio.HeapCharBuffer 
{0x000000062304d4b8} - klass: 'java/nio/HeapCharBuffer'
stack at sp + 2 slots: 0x0000000622d41e20 is pointing into object: java.nio.HeapCharBuffer 
{0x0000000622c00000} - klass: 'java/nio/HeapCharBuffer'
stack at sp + 3 slots: 0x000000062304d4c0 is pointing into object: java.nio.HeapCharBuffer 
{0x000000062304d4b8} - klass: 'java/nio/HeapCharBuffer'
stack at sp + 4 slots: 0x000000501d4ff500 is pointing into the stack for thread: 0x000001fe9b93edd0
stack at sp + 5 slots: 0x000000080072214e is pointing into metadata
stack at sp + 6 slots: 0x0 is NULL
stack at sp + 7 slots: 0x00007fff2d24b9ca jvm.dll


---------------  P R O C E S S  ---------------

Threads class SMR info:
_java_thread_list=0x000001fec92fef70, length=14, elements={
0x000001fe9b93edd0, 0x000001fec8f8cd60, 0x000001fec8f8e0d0, 0x000001fec8fad370,
0x000001fec8fade20, 0x000001fec8fb0080, 0x000001fec8fb8370, 0x000001fec8fbde50,
0x000001fec8fce430, 0x000001fec8771540, 0x000001fec9199880, 0x000001fec9260ca0,
0x000001fec9261380, 0x000001fec9305b50
}

Java Threads: ( => current thread )
=>0x000001fe9b93edd0 JavaThread "main" [_thread_in_vm, id=4624, stack(0x000000501d400000,0x000000501d500000)]
  0x000001fec8f8cd60 JavaThread "Reference Handler" daemon [_thread_blocked, id=18628, stack(0x000000501db00000,0x000000501dc00000)]
  0x000001fec8f8e0d0 JavaThread "Finalizer" daemon [_thread_blocked, id=18712, stack(0x000000501dc00000,0x000000501dd00000)]
  0x000001fec8fad370 JavaThread "Signal Dispatcher" daemon [_thread_blocked, id=18768, stack(0x000000501dd00000,0x000000501de00000)]
  0x000001fec8fade20 JavaThread "Attach Listener" daemon [_thread_blocked, id=18464, stack(0x000000501de00000,0x000000501df00000)]
  0x000001fec8fb0080 JavaThread "Service Thread" daemon [_thread_blocked, id=13548, stack(0x000000501df00000,0x000000501e000000)]
  0x000001fec8fb8370 JavaThread "C2 CompilerThread0" daemon [_thread_blocked, id=19388, stack(0x000000501e000000,0x000000501e100000)]
  0x000001fec8fbde50 JavaThread "C1 CompilerThread0" daemon [_thread_blocked, id=18908, stack(0x000000501e100000,0x000000501e200000)]
  0x000001fec8fce430 JavaThread "Sweeper thread" daemon [_thread_blocked, id=9100, stack(0x000000501e200000,0x000000501e300000)]
  0x000001fec8771540 JavaThread "Common-Cleaner" daemon [_thread_blocked, id=17760, stack(0x000000501e300000,0x000000501e400000)]
  0x000001fec9199880 JavaThread "JDWP Transport Listener: dt_socket" daemon [_thread_blocked, id=13344, stack(0x000000501e400000,0x000000501e500000)]
  0x000001fec9260ca0 JavaThread "JDWP Event Helper Thread" daemon [_thread_blocked, id=2276, stack(0x000000501e500000,0x000000501e600000)]
  0x000001fec9261380 JavaThread "JDWP Command Reader" daemon [_thread_in_native, id=17512, stack(0x000000501e600000,0x000000501e700000)]
  0x000001fec9305b50 JavaThread "Notification Thread" daemon [_thread_blocked, id=9924, stack(0x000000501e800000,0x000000501e900000)]

Other Threads:
  0x000001fec877dfa0 VMThread "VM Thread" [stack: 0x000000501da00000,0x000000501db00000] [id=1636]
  0x000001fe9b93ff80 WatcherThread [stack: 0x000000501e900000,0x000000501ea00000] [id=18496]
  0x000001fe9b9b4970 GCTaskThread "GC Thread#0" [stack: 0x000000501d500000,0x000000501d600000] [id=10656]
  0x000001fec911c680 GCTaskThread "GC Thread#1" [stack: 0x000000501ea00000,0x000000501eb00000] [id=19100]
  0x000001fec911d9a0 GCTaskThread "GC Thread#2" [stack: 0x000000501eb00000,0x000000501ec00000] [id=18484]
  0x000001fec911e330 GCTaskThread "GC Thread#3" [stack: 0x000000501ec00000,0x000000501ed00000] [id=18892]
  0x000001fec911e660 GCTaskThread "GC Thread#4" [stack: 0x000000501ed00000,0x000000501ee00000] [id=19420]
  0x000001fec93602f0 GCTaskThread "GC Thread#5" [stack: 0x000000501ee00000,0x000000501ef00000] [id=4444]
  0x000001fec935ccc0 GCTaskThread "GC Thread#6" [stack: 0x000000501ef00000,0x000000501f000000] [id=16864]
  0x000001fec935fc90 GCTaskThread "GC Thread#7" [stack: 0x000000501f000000,0x000000501f100000] [id=19396]
  0x000001fe9b9c69a0 ConcurrentGCThread "G1 Main Marker" [stack: 0x000000501d600000,0x000000501d700000] [id=14120]
  0x000001fe9b9c7d30 ConcurrentGCThread "G1 Conc#0" [stack: 0x000000501d700000,0x000000501d800000] [id=18068]
  0x000001fec86044e0 ConcurrentGCThread "G1 Refine#0" [stack: 0x000000501d800000,0x000000501d900000] [id=19344]
  0x000001fe9ba1bcb0 ConcurrentGCThread "G1 Young RemSet Sampling" [stack: 0x000000501d900000,0x000000501da00000] [id=17668]

Threads with active compile tasks:

VM state: not at safepoint (normal execution)

VM Mutex/Monitor currently owned by a thread: None

Heap address: 0x0000000603400000, size: 8140 MB, Compressed Oops mode: Zero based, Oop shift amount: 3
CDS archive(s) mapped at: [0x0000000800000000-0x0000000800b50000-0x0000000800b50000), size 11862016, SharedBaseAddress: 0x0000000800000000, ArchiveRelocationMode: 0.
Compressed class space mapped at: 0x0000000800b50000-0x0000000840b50000, size: 1073741824
Narrow klass base: 0x0000000800000000, Narrow klass shift: 3, Narrow klass range: 0x100000000

GC Precious Log:
 CPUs: 8 total, 8 available
 Memory: 32549M
 Large Page Support: Disabled
 NUMA Support: Disabled
 Compressed Oops: Enabled (Zero based)
 Heap Region Size: 4M
 Heap Min Capacity: 8M
 Heap Initial Capacity: 512M
 Heap Max Capacity: 8140M
 Pre-touch: Disabled
 Parallel Workers: 8
 Concurrent Workers: 2
 Concurrent Refinement Workers: 8
 Periodic GC: Disabled

Heap:
 garbage-first heap   total 524288K, used 1704K [0x0000000603400000, 0x0000000800000000)
  region size 4096K, 2 young (8192K), 1 survivors (4096K)
 Metaspace       used 2835K, capacity 4806K, committed 5120K, reserved 1056768K
  class space    used 255K, capacity 429K, committed 512K, reserved 1048576K

Heap Regions: E=young(eden), S=young(survivor), O=old, HS=humongous(starts), HC=humongous(continues), CS=collection set, F=free, OA=open archive, CA=closed archive, TAMS=top-at-mark-start (previous, next)
|   0|0x0000000603400000, 0x0000000603400000, 0x0000000603800000|  0%| F|  |TAMS 0x0000000603400000, 0x0000000603400000| Untracked 
|   1|0x0000000603800000, 0x0000000603800000, 0x0000000603c00000|  0%| F|  |TAMS 0x0000000603800000, 0x0000000603800000| Untracked 
|   2|0x0000000603c00000, 0x0000000603c00000, 0x0000000604000000|  0%| F|  |TAMS 0x0000000603c00000, 0x0000000603c00000| Untracked 
|   3|0x0000000604000000, 0x0000000604000000, 0x0000000604400000|  0%| F|  |TAMS 0x0000000604000000, 0x0000000604000000| Untracked 
|   4|0x0000000604400000, 0x0000000604400000, 0x0000000604800000|  0%| F|  |TAMS 0x0000000604400000, 0x0000000604400000| Untracked 
|   5|0x0000000604800000, 0x0000000604800000, 0x0000000604c00000|  0%| F|  |TAMS 0x0000000604800000, 0x0000000604800000| Untracked 
|   6|0x0000000604c00000, 0x0000000604c00000, 0x0000000605000000|  0%| F|  |TAMS 0x0000000604c00000, 0x0000000604c00000| Untracked 
|   7|0x0000000605000000, 0x0000000605000000, 0x0000000605400000|  0%| F|  |TAMS 0x0000000605000000, 0x0000000605000000| Untracked 
|   8|0x0000000605400000, 0x0000000605400000, 0x0000000605800000|  0%| F|  |TAMS 0x0000000605400000, 0x0000000605400000| Untracked 
|   9|0x0000000605800000, 0x0000000605800000, 0x0000000605c00000|  0%| F|  |TAMS 0x0000000605800000, 0x0000000605800000| Untracked 
|  10|0x0000000605c00000, 0x0000000605c00000, 0x0000000606000000|  0%| F|  |TAMS 0x0000000605c00000, 0x0000000605c00000| Untracked 
|  11|0x0000000606000000, 0x0000000606000000, 0x0000000606400000|  0%| F|  |TAMS 0x0000000606000000, 0x0000000606000000| Untracked 
|  12|0x0000000606400000, 0x0000000606400000, 0x0000000606800000|  0%| F|  |TAMS 0x0000000606400000, 0x0000000606400000| Untracked 
|  13|0x0000000606800000, 0x0000000606800000, 0x0000000606c00000|  0%| F|  |TAMS 0x0000000606800000, 0x0000000606800000| Untracked 
|  14|0x0000000606c00000, 0x0000000606c00000, 0x0000000607000000|  0%| F|  |TAMS 0x0000000606c00000, 0x0000000606c00000| Untracked 
|  15|0x0000000607000000, 0x0000000607000000, 0x0000000607400000|  0%| F|  |TAMS 0x0000000607000000, 0x0000000607000000| Untracked 
|  16|0x0000000607400000, 0x0000000607400000, 0x0000000607800000|  0%| F|  |TAMS 0x0000000607400000, 0x0000000607400000| Untracked 
|  17|0x0000000607800000, 0x0000000607800000, 0x0000000607c00000|  0%| F|  |TAMS 0x0000000607800000, 0x0000000607800000| Untracked 
|  18|0x0000000607c00000, 0x0000000607c00000, 0x0000000608000000|  0%| F|  |TAMS 0x0000000607c00000, 0x0000000607c00000| Untracked 
|  19|0x0000000608000000, 0x0000000608000000, 0x0000000608400000|  0%| F|  |TAMS 0x0000000608000000, 0x0000000608000000| Untracked 
|  20|0x0000000608400000, 0x0000000608400000, 0x0000000608800000|  0%| F|  |TAMS 0x0000000608400000, 0x0000000608400000| Untracked 
|  21|0x0000000608800000, 0x0000000608800000, 0x0000000608c00000|  0%| F|  |TAMS 0x0000000608800000, 0x0000000608800000| Untracked 
|  22|0x0000000608c00000, 0x0000000608c00000, 0x0000000609000000|  0%| F|  |TAMS 0x0000000608c00000, 0x0000000608c00000| Untracked 
|  23|0x0000000609000000, 0x0000000609000000, 0x0000000609400000|  0%| F|  |TAMS 0x0000000609000000, 0x0000000609000000| Untracked 
|  24|0x0000000609400000, 0x0000000609400000, 0x0000000609800000|  0%| F|  |TAMS 0x0000000609400000, 0x0000000609400000| Untracked 
|  25|0x0000000609800000, 0x0000000609800000, 0x0000000609c00000|  0%| F|  |TAMS 0x0000000609800000, 0x0000000609800000| Untracked 
|  26|0x0000000609c00000, 0x0000000609c00000, 0x000000060a000000|  0%| F|  |TAMS 0x0000000609c00000, 0x0000000609c00000| Untracked 
|  27|0x000000060a000000, 0x000000060a000000, 0x000000060a400000|  0%| F|  |TAMS 0x000000060a000000, 0x000000060a000000| Untracked 
|  28|0x000000060a400000, 0x000000060a400000, 0x000000060a800000|  0%| F|  |TAMS 0x000000060a400000, 0x000000060a400000| Untracked 
|  29|0x000000060a800000, 0x000000060a800000, 0x000000060ac00000|  0%| F|  |TAMS 0x000000060a800000, 0x000000060a800000| Untracked 
|  30|0x000000060ac00000, 0x000000060ac00000, 0x000000060b000000|  0%| F|  |TAMS 0x000000060ac00000, 0x000000060ac00000| Untracked 
|  31|0x000000060b000000, 0x000000060b000000, 0x000000060b400000|  0%| F|  |TAMS 0x000000060b000000, 0x000000060b000000| Untracked 
|  32|0x000000060b400000, 0x000000060b400000, 0x000000060b800000|  0%| F|  |TAMS 0x000000060b400000, 0x000000060b400000| Untracked 
|  33|0x000000060b800000, 0x000000060b800000, 0x000000060bc00000|  0%| F|  |TAMS 0x000000060b800000, 0x000000060b800000| Untracked 
|  34|0x000000060bc00000, 0x000000060bc00000, 0x000000060c000000|  0%| F|  |TAMS 0x000000060bc00000, 0x000000060bc00000| Untracked 
|  35|0x000000060c000000, 0x000000060c000000, 0x000000060c400000|  0%| F|  |TAMS 0x000000060c000000, 0x000000060c000000| Untracked 
|  36|0x000000060c400000, 0x000000060c400000, 0x000000060c800000|  0%| F|  |TAMS 0x000000060c400000, 0x000000060c400000| Untracked 
|  37|0x000000060c800000, 0x000000060c800000, 0x000000060cc00000|  0%| F|  |TAMS 0x000000060c800000, 0x000000060c800000| Untracked 
|  38|0x000000060cc00000, 0x000000060cc00000, 0x000000060d000000|  0%| F|  |TAMS 0x000000060cc00000, 0x000000060cc00000| Untracked 
|  39|0x000000060d000000, 0x000000060d000000, 0x000000060d400000|  0%| F|  |TAMS 0x000000060d000000, 0x000000060d000000| Untracked 
|  40|0x000000060d400000, 0x000000060d400000, 0x000000060d800000|  0%| F|  |TAMS 0x000000060d400000, 0x000000060d400000| Untracked 
|  41|0x000000060d800000, 0x000000060d800000, 0x000000060dc00000|  0%| F|  |TAMS 0x000000060d800000, 0x000000060d800000| Untracked 
|  42|0x000000060dc00000, 0x000000060dc00000, 0x000000060e000000|  0%| F|  |TAMS 0x000000060dc00000, 0x000000060dc00000| Untracked 
|  43|0x000000060e000000, 0x000000060e000000, 0x000000060e400000|  0%| F|  |TAMS 0x000000060e000000, 0x000000060e000000| Untracked 
|  44|0x000000060e400000, 0x000000060e400000, 0x000000060e800000|  0%| F|  |TAMS 0x000000060e400000, 0x000000060e400000| Untracked 
|  45|0x000000060e800000, 0x000000060e800000, 0x000000060ec00000|  0%| F|  |TAMS 0x000000060e800000, 0x000000060e800000| Untracked 
|  46|0x000000060ec00000, 0x000000060ec00000, 0x000000060f000000|  0%| F|  |TAMS 0x000000060ec00000, 0x000000060ec00000| Untracked 
|  47|0x000000060f000000, 0x000000060f000000, 0x000000060f400000|  0%| F|  |TAMS 0x000000060f000000, 0x000000060f000000| Untracked 
|  48|0x000000060f400000, 0x000000060f400000, 0x000000060f800000|  0%| F|  |TAMS 0x000000060f400000, 0x000000060f400000| Untracked 
|  49|0x000000060f800000, 0x000000060f800000, 0x000000060fc00000|  0%| F|  |TAMS 0x000000060f800000, 0x000000060f800000| Untracked 
|  50|0x000000060fc00000, 0x000000060fc00000, 0x0000000610000000|  0%| F|  |TAMS 0x000000060fc00000, 0x000000060fc00000| Untracked 
|  51|0x0000000610000000, 0x0000000610000000, 0x0000000610400000|  0%| F|  |TAMS 0x0000000610000000, 0x0000000610000000| Untracked 
|  52|0x0000000610400000, 0x00000006105aa388, 0x0000000610800000| 41%| S|CS|TAMS 0x0000000610400000, 0x0000000610400000| Complete 
|  53|0x0000000610800000, 0x0000000610800000, 0x0000000610c00000|  0%| F|  |TAMS 0x0000000610800000, 0x0000000610800000| Untracked 
|  54|0x0000000610c00000, 0x0000000610c00000, 0x0000000611000000|  0%| F|  |TAMS 0x0000000610c00000, 0x0000000610c00000| Untracked 
|  55|0x0000000611000000, 0x0000000611000000, 0x0000000611400000|  0%| F|  |TAMS 0x0000000611000000, 0x0000000611000000| Untracked 
|  56|0x0000000611400000, 0x0000000611400000, 0x0000000611800000|  0%| F|  |TAMS 0x0000000611400000, 0x0000000611400000| Untracked 
|  57|0x0000000611800000, 0x0000000611800000, 0x0000000611c00000|  0%| F|  |TAMS 0x0000000611800000, 0x0000000611800000| Untracked 
|  58|0x0000000611c00000, 0x0000000611c00000, 0x0000000612000000|  0%| F|  |TAMS 0x0000000611c00000, 0x0000000611c00000| Untracked 
|  59|0x0000000612000000, 0x0000000612000000, 0x0000000612400000|  0%| F|  |TAMS 0x0000000612000000, 0x0000000612000000| Untracked 
|  60|0x0000000612400000, 0x0000000612400000, 0x0000000612800000|  0%| F|  |TAMS 0x0000000612400000, 0x0000000612400000| Untracked 
|  61|0x0000000612800000, 0x0000000612800000, 0x0000000612c00000|  0%| F|  |TAMS 0x0000000612800000, 0x0000000612800000| Untracked 
|  62|0x0000000612c00000, 0x0000000612c00000, 0x0000000613000000|  0%| F|  |TAMS 0x0000000612c00000, 0x0000000612c00000| Untracked 
|  63|0x0000000613000000, 0x0000000613000000, 0x0000000613400000|  0%| F|  |TAMS 0x0000000613000000, 0x0000000613000000| Untracked 
|  64|0x0000000613400000, 0x0000000613400000, 0x0000000613800000|  0%| F|  |TAMS 0x0000000613400000, 0x0000000613400000| Untracked 
|  65|0x0000000613800000, 0x0000000613800000, 0x0000000613c00000|  0%| F|  |TAMS 0x0000000613800000, 0x0000000613800000| Untracked 
|  66|0x0000000613c00000, 0x0000000613c00000, 0x0000000614000000|  0%| F|  |TAMS 0x0000000613c00000, 0x0000000613c00000| Untracked 
|  67|0x0000000614000000, 0x0000000614000000, 0x0000000614400000|  0%| F|  |TAMS 0x0000000614000000, 0x0000000614000000| Untracked 
|  68|0x0000000614400000, 0x0000000614400000, 0x0000000614800000|  0%| F|  |TAMS 0x0000000614400000, 0x0000000614400000| Untracked 
|  69|0x0000000614800000, 0x0000000614800000, 0x0000000614c00000|  0%| F|  |TAMS 0x0000000614800000, 0x0000000614800000| Untracked 
|  70|0x0000000614c00000, 0x0000000614c00000, 0x0000000615000000|  0%| F|  |TAMS 0x0000000614c00000, 0x0000000614c00000| Untracked 
|  71|0x0000000615000000, 0x0000000615000000, 0x0000000615400000|  0%| F|  |TAMS 0x0000000615000000, 0x0000000615000000| Untracked 
|  72|0x0000000615400000, 0x0000000615400000, 0x0000000615800000|  0%| F|  |TAMS 0x0000000615400000, 0x0000000615400000| Untracked 
|  73|0x0000000615800000, 0x0000000615800000, 0x0000000615c00000|  0%| F|  |TAMS 0x0000000615800000, 0x0000000615800000| Untracked 
|  74|0x0000000615c00000, 0x0000000615c00000, 0x0000000616000000|  0%| F|  |TAMS 0x0000000615c00000, 0x0000000615c00000| Untracked 
|  75|0x0000000616000000, 0x0000000616000000, 0x0000000616400000|  0%| F|  |TAMS 0x0000000616000000, 0x0000000616000000| Untracked 
|  76|0x0000000616400000, 0x0000000616400000, 0x0000000616800000|  0%| F|  |TAMS 0x0000000616400000, 0x0000000616400000| Untracked 
|  77|0x0000000616800000, 0x0000000616800000, 0x0000000616c00000|  0%| F|  |TAMS 0x0000000616800000, 0x0000000616800000| Untracked 
|  78|0x0000000616c00000, 0x0000000616c00000, 0x0000000617000000|  0%| F|  |TAMS 0x0000000616c00000, 0x0000000616c00000| Untracked 
|  79|0x0000000617000000, 0x0000000617000000, 0x0000000617400000|  0%| F|  |TAMS 0x0000000617000000, 0x0000000617000000| Untracked 
|  80|0x0000000617400000, 0x0000000617400000, 0x0000000617800000|  0%| F|  |TAMS 0x0000000617400000, 0x0000000617400000| Untracked 
|  81|0x0000000617800000, 0x0000000617800000, 0x0000000617c00000|  0%| F|  |TAMS 0x0000000617800000, 0x0000000617800000| Untracked 
|  82|0x0000000617c00000, 0x0000000617c00000, 0x0000000618000000|  0%| F|  |TAMS 0x0000000617c00000, 0x0000000617c00000| Untracked 
|  83|0x0000000618000000, 0x0000000618000000, 0x0000000618400000|  0%| F|  |TAMS 0x0000000618000000, 0x0000000618000000| Untracked 
|  84|0x0000000618400000, 0x0000000618400000, 0x0000000618800000|  0%| F|  |TAMS 0x0000000618400000, 0x0000000618400000| Untracked 
|  85|0x0000000618800000, 0x0000000618800000, 0x0000000618c00000|  0%| F|  |TAMS 0x0000000618800000, 0x0000000618800000| Untracked 
|  86|0x0000000618c00000, 0x0000000618c00000, 0x0000000619000000|  0%| F|  |TAMS 0x0000000618c00000, 0x0000000618c00000| Untracked 
|  87|0x0000000619000000, 0x0000000619000000, 0x0000000619400000|  0%| F|  |TAMS 0x0000000619000000, 0x0000000619000000| Untracked 
|  88|0x0000000619400000, 0x0000000619400000, 0x0000000619800000|  0%| F|  |TAMS 0x0000000619400000, 0x0000000619400000| Untracked 
|  89|0x0000000619800000, 0x0000000619800000, 0x0000000619c00000|  0%| F|  |TAMS 0x0000000619800000, 0x0000000619800000| Untracked 
|  90|0x0000000619c00000, 0x0000000619c00000, 0x000000061a000000|  0%| F|  |TAMS 0x0000000619c00000, 0x0000000619c00000| Untracked 
|  91|0x000000061a000000, 0x000000061a000000, 0x000000061a400000|  0%| F|  |TAMS 0x000000061a000000, 0x000000061a000000| Untracked 
|  92|0x000000061a400000, 0x000000061a400000, 0x000000061a800000|  0%| F|  |TAMS 0x000000061a400000, 0x000000061a400000| Untracked 
|  93|0x000000061a800000, 0x000000061a800000, 0x000000061ac00000|  0%| F|  |TAMS 0x000000061a800000, 0x000000061a800000| Untracked 
|  94|0x000000061ac00000, 0x000000061ac00000, 0x000000061b000000|  0%| F|  |TAMS 0x000000061ac00000, 0x000000061ac00000| Untracked 
|  95|0x000000061b000000, 0x000000061b000000, 0x000000061b400000|  0%| F|  |TAMS 0x000000061b000000, 0x000000061b000000| Untracked 
|  96|0x000000061b400000, 0x000000061b400000, 0x000000061b800000|  0%| F|  |TAMS 0x000000061b400000, 0x000000061b400000| Untracked 
|  97|0x000000061b800000, 0x000000061b800000, 0x000000061bc00000|  0%| F|  |TAMS 0x000000061b800000, 0x000000061b800000| Untracked 
|  98|0x000000061bc00000, 0x000000061bc00000, 0x000000061c000000|  0%| F|  |TAMS 0x000000061bc00000, 0x000000061bc00000| Untracked 
|  99|0x000000061c000000, 0x000000061c000000, 0x000000061c400000|  0%| F|  |TAMS 0x000000061c000000, 0x000000061c000000| Untracked 
| 100|0x000000061c400000, 0x000000061c400000, 0x000000061c800000|  0%| F|  |TAMS 0x000000061c400000, 0x000000061c400000| Untracked 
| 101|0x000000061c800000, 0x000000061c800000, 0x000000061cc00000|  0%| F|  |TAMS 0x000000061c800000, 0x000000061c800000| Untracked 
| 102|0x000000061cc00000, 0x000000061cc00000, 0x000000061d000000|  0%| F|  |TAMS 0x000000061cc00000, 0x000000061cc00000| Untracked 
| 103|0x000000061d000000, 0x000000061d000000, 0x000000061d400000|  0%| F|  |TAMS 0x000000061d000000, 0x000000061d000000| Untracked 
| 104|0x000000061d400000, 0x000000061d400000, 0x000000061d800000|  0%| F|  |TAMS 0x000000061d400000, 0x000000061d400000| Untracked 
| 105|0x000000061d800000, 0x000000061d800000, 0x000000061dc00000|  0%| F|  |TAMS 0x000000061d800000, 0x000000061d800000| Untracked 
| 106|0x000000061dc00000, 0x000000061dc00000, 0x000000061e000000|  0%| F|  |TAMS 0x000000061dc00000, 0x000000061dc00000| Untracked 
| 107|0x000000061e000000, 0x000000061e000000, 0x000000061e400000|  0%| F|  |TAMS 0x000000061e000000, 0x000000061e000000| Untracked 
| 108|0x000000061e400000, 0x000000061e400000, 0x000000061e800000|  0%| F|  |TAMS 0x000000061e400000, 0x000000061e400000| Untracked 
| 109|0x000000061e800000, 0x000000061e800000, 0x000000061ec00000|  0%| F|  |TAMS 0x000000061e800000, 0x000000061e800000| Untracked 
| 110|0x000000061ec00000, 0x000000061ec00000, 0x000000061f000000|  0%| F|  |TAMS 0x000000061ec00000, 0x000000061ec00000| Untracked 
| 111|0x000000061f000000, 0x000000061f000000, 0x000000061f400000|  0%| F|  |TAMS 0x000000061f000000, 0x000000061f000000| Untracked 
| 112|0x000000061f400000, 0x000000061f400000, 0x000000061f800000|  0%| F|  |TAMS 0x000000061f400000, 0x000000061f400000| Untracked 
| 113|0x000000061f800000, 0x000000061f800000, 0x000000061fc00000|  0%| F|  |TAMS 0x000000061f800000, 0x000000061f800000| Untracked 
| 114|0x000000061fc00000, 0x000000061fc00000, 0x0000000620000000|  0%| F|  |TAMS 0x000000061fc00000, 0x000000061fc00000| Untracked 
| 115|0x0000000620000000, 0x0000000620000000, 0x0000000620400000|  0%| F|  |TAMS 0x0000000620000000, 0x0000000620000000| Untracked 
| 116|0x0000000620400000, 0x0000000620400000, 0x0000000620800000|  0%| F|  |TAMS 0x0000000620400000, 0x0000000620400000| Untracked 
| 117|0x0000000620800000, 0x0000000620800000, 0x0000000620c00000|  0%| F|  |TAMS 0x0000000620800000, 0x0000000620800000| Untracked 
| 118|0x0000000620c00000, 0x0000000620c00000, 0x0000000621000000|  0%| F|  |TAMS 0x0000000620c00000, 0x0000000620c00000| Untracked 
| 119|0x0000000621000000, 0x0000000621000000, 0x0000000621400000|  0%| F|  |TAMS 0x0000000621000000, 0x0000000621000000| Untracked 
| 120|0x0000000621400000, 0x0000000621400000, 0x0000000621800000|  0%| F|  |TAMS 0x0000000621400000, 0x0000000621400000| Untracked 
| 121|0x0000000621800000, 0x0000000621800000, 0x0000000621c00000|  0%| F|  |TAMS 0x0000000621800000, 0x0000000621800000| Untracked 
| 122|0x0000000621c00000, 0x0000000621c00000, 0x0000000622000000|  0%| F|  |TAMS 0x0000000621c00000, 0x0000000621c00000| Untracked 
| 123|0x0000000622000000, 0x0000000622000000, 0x0000000622400000|  0%| F|  |TAMS 0x0000000622000000, 0x0000000622000000| Untracked 
| 124|0x0000000622400000, 0x0000000622400000, 0x0000000622800000|  0%| F|  |TAMS 0x0000000622400000, 0x0000000622400000| Untracked 
| 125|0x0000000622800000, 0x0000000622800000, 0x0000000622c00000|  0%| F|  |TAMS 0x0000000622800000, 0x0000000622800000| Untracked 
| 126|0x0000000622c00000, 0x0000000622c00000, 0x0000000623000000|  0%| F|  |TAMS 0x0000000622c00000, 0x0000000622c00000| Untracked 
| 127|0x0000000623000000, 0x0000000623400000, 0x0000000623400000|100%| E|  |TAMS 0x0000000623000000, 0x0000000623000000| Complete 

Card table byte_map: [0x000001feb3ea0000,0x000001feb4e90000] _byte_map_base: 0x000001feb0e86000

Marking Bits (Prev, Next): (CMBitMap*) 0x000001fe9b9b51e0, (CMBitMap*) 0x000001fe9b9b5220
 Prev Bits: [0x000001feb5e80000, 0x000001febddb0000)
 Next Bits: [0x000001febddb0000, 0x000001fec5ce0000)

Polling page: 0x000001fe99960000

Metaspace:

Usage:
  Non-class:      4.27 MB capacity,     2.52 MB ( 59%) used,     1.75 MB ( 41%) free+waste,     1.12 KB ( <1%) overhead. 
      Class:    429.00 KB capacity,   255.65 KB ( 60%) used,   172.66 KB ( 40%) free+waste,   704 bytes ( <1%) overhead. 
       Both:      4.69 MB capacity,     2.77 MB ( 59%) used,     1.92 MB ( 41%) free+waste,     1.81 KB ( <1%) overhead. 

Virtual space:
  Non-class space:        8.00 MB reserved,       4.50 MB ( 56%) committed 
      Class space:        1.00 GB reserved,     512.00 KB ( <1%) committed 
             Both:        1.01 GB reserved,       5.00 MB ( <1%) committed 

Chunk freelists:
   Non-Class:  39.00 KB
       Class:  19.00 KB
        Both:  58.00 KB

MaxMetaspaceSize: 17179869184.00 GB
CompressedClassSpaceSize: 1.00 GB

CodeHeap 'non-profiled nmethods': size=120000Kb used=229Kb max_used=229Kb free=119770Kb
 bounds [0x000001feab650000, 0x000001feab8c0000, 0x000001feb2b80000]
CodeHeap 'profiled nmethods': size=120000Kb used=687Kb max_used=687Kb free=119312Kb
 bounds [0x000001fea4120000, 0x000001fea4390000, 0x000001feab650000]
CodeHeap 'non-nmethods': size=5760Kb used=1227Kb max_used=1270Kb free=4532Kb
 bounds [0x000001fea3b80000, 0x000001fea3df0000, 0x000001fea4120000]
 total_blobs=894 nmethods=505 adapters=302
 compilation: enabled
              stopped_count=0, restarted_count=0
 full_count=0

Compilation events (20 events):
Event: 786.959 Thread 0x000001fec8fbde50  500       3       org.eclipse.jdt.launching.internal.org.objectweb.asm.ClassReader::readUnsignedShort (26 bytes)
Event: 786.962 Thread 0x000001fec8fbde50 

Event: 1041.113 Thread 0x000001fec8fbde50  501       3       java.lang.String::<init> (74 bytes)
Event: 1041.115 Thread 0x000001fec8fbde50 

Event: 1041.115 Thread 0x000001fec8fbde50  502       3       java.lang.StringUTF16::compress (20 bytes)
Event: 1041.115 Thread 0x000001fec8fbde50 nmethod 502 0x000001fea41c9e10 code [0x000001fea41c9fc0, 0x000001fea41ca1e8]
Event: 1291.186 Thread 0x000001fec8fb8370  503       4       org.eclipse.jdt.launching.internal.org.objectweb.asm.ClassReader::readUnsignedShort (26 bytes)
Event: 1291.186 Thread 0x000001fec8fbde50  504       3       org.eclipse.jdt.launching.internal.org.objectweb.asm.ClassReader::readUtf (44 bytes)
Event: 1291.189 Thread 0x000001fec8fbde50 nmethod 504 0x000001fea41ca290 code [0x000001fea41ca460, 0x000001fea41ca878]
Event: 1291.189 Thread 0x000001fec8fb8370 

Event: 1446.120 Thread 0x000001fec8fbde50  505       3       java.lang.String::<init> (14 bytes)
Event: 1446.120 Thread 0x000001fec8fb8370  508       4       org.eclipse.jdt.launching.internal.org.objectweb.asm.ClassReader::readUnsignedShort (26 bytes)
Event: 1446.120 Thread 0x000001fec8fbde50 nmethod 505 0x000001fea41caa90 code [0x000001fea41cac40, 0x000001fea41cae38]
Event: 1446.120 Thread 0x000001fec8fbde50  509       3       java.lang.String::hashCode (60 bytes)
Event: 1446.121 Thread 0x000001fec8fbde50 nmethod 509 0x000001fea41caf90 code [0x000001fea41cb160, 0x000001fea41cb4b8]
Event: 1446.124 Thread 0x000001fec8fbde50  507       3       org.eclipse.jdt.launching.internal.org.objectweb.asm.ClassReader::getItem (7 bytes)
Event: 1446.124 Thread 0x000001fec8fb8370 

Event: 1446.124 Thread 0x000001fec8fbde50 nmethod 507 0x000001fea41cb590 code [0x000001fea41cb720, 0x000001fea41cb858]
Event: 1446.124 Thread 0x000001fec8fbde50  506       3       java.lang.String::rangeCheck (9 bytes)
Event: 1446.124 Thread 0x000001fec8fbde50 nmethod 506 0x000001fea41cb910 code [0x000001fea41cbac0, 0x000001fea41cbbe8]

GC Heap History (20 events):
Event: 8.759 GC heap before
{Heap before GC invocations=0 (full 0):
 garbage-first heap   total 524288K, used 24576K [0x0000000603400000, 0x0000000800000000)
  region size 4096K, 6 young (24576K), 0 survivors (0K)
 Metaspace       used 2808K, capacity 4806K, committed 5120K, reserved 1056768K
  class space    used 252K, capacity 429K, committed 512K, reserved 1048576K
}
Event: 8.761 GC heap after
{Heap after GC invocations=1 (full 0):
 garbage-first heap   total 524288K, used 1568K [0x0000000603400000, 0x0000000800000000)
  region size 4096K, 1 young (4096K), 1 survivors (4096K)
 Metaspace       used 2808K, capacity 4806K, committed 5120K, reserved 1056768K
  class space    used 252K, capacity 429K, committed 512K, reserved 1048576K
}
Event: 24.897 GC heap before
{Heap before GC invocations=1 (full 0):
 garbage-first heap   total 524288K, used 34336K [0x0000000603400000, 0x0000000800000000)
  region size 4096K, 9 young (36864K), 1 survivors (4096K)
 Metaspace       used 2808K, capacity 4806K, committed 5120K, reserved 1056768K
  class space    used 252K, capacity 429K, committed 512K, reserved 1048576K
}
Event: 24.899 GC heap after
{Heap after GC invocations=2 (full 0):
 garbage-first heap   total 524288K, used 1659K [0x0000000603400000, 0x0000000800000000)
  region size 4096K, 1 young (4096K), 1 survivors (4096K)
 Metaspace       used 2808K, capacity 4806K, committed 5120K, reserved 1056768K
  class space    used 252K, capacity 429K, committed 512K, reserved 1048576K
}
Event: 185.253 GC heap before
{Heap before GC invocations=2 (full 0):
 garbage-first heap   total 524288K, used 308859K [0x0000000603400000, 0x0000000800000000)
  region size 4096K, 76 young (311296K), 1 survivors (4096K)
 Metaspace       used 2808K, capacity 4806K, committed 5120K, reserved 1056768K
  class space    used 252K, capacity 429K, committed 512K, reserved 1048576K
}
Event: 185.255 GC heap after
{Heap after GC invocations=3 (full 0):
 garbage-first heap   total 524288K, used 1684K [0x0000000603400000, 0x0000000800000000)
  region size 4096K, 1 young (4096K), 1 survivors (4096K)
 Metaspace       used 2808K, capacity 4806K, committed 5120K, reserved 1056768K
  class space    used 252K, capacity 429K, committed 512K, reserved 1048576K
}
Event: 350.920 GC heap before
{Heap before GC invocations=3 (full 0):
 garbage-first heap   total 524288K, used 308884K [0x0000000603400000, 0x0000000800000000)
  region size 4096K, 76 young (311296K), 1 survivors (4096K)
 Metaspace       used 2808K, capacity 4806K, committed 5120K, reserved 1056768K
  class space    used 252K, capacity 429K, committed 512K, reserved 1048576K
}
Event: 350.922 GC heap after
{Heap after GC invocations=4 (full 0):
 garbage-first heap   total 524288K, used 1652K [0x0000000603400000, 0x0000000800000000)
  region size 4096K, 1 young (4096K), 1 survivors (4096K)
 Metaspace       used 2808K, capacity 4806K, committed 5120K, reserved 1056768K
  class space    used 252K, capacity 429K, committed 512K, reserved 1048576K
}
Event: 510.528 GC heap before
{Heap before GC invocations=4 (full 0):
 garbage-first heap   total 524288K, used 308852K [0x0000000603400000, 0x0000000800000000)
  region size 4096K, 76 young (311296K), 1 survivors (4096K)
 Metaspace       used 2808K, capacity 4806K, committed 5120K, reserved 1056768K
  class space    used 252K, capacity 429K, committed 512K, reserved 1048576K
}
Event: 510.529 GC heap after
{Heap after GC invocations=5 (full 0):
 garbage-first heap   total 524288K, used 1682K [0x0000000603400000, 0x0000000800000000)
  region size 4096K, 1 young (4096K), 1 survivors (4096K)
 Metaspace       used 2808K, capacity 4806K, committed 5120K, reserved 1056768K
  class space    used 252K, capacity 429K, committed 512K, reserved 1048576K
}
Event: 666.386 GC heap before
{Heap before GC invocations=5 (full 0):
 garbage-first heap   total 524288K, used 308882K [0x0000000603400000, 0x0000000800000000)
  region size 4096K, 76 young (311296K), 1 survivors (4096K)
 Metaspace       used 2808K, capacity 4806K, committed 5120K, reserved 1056768K
  class space    used 252K, capacity 429K, committed 512K, reserved 1048576K
}
Event: 666.387 GC heap after
{Heap after GC invocations=6 (full 0):
 garbage-first heap   total 524288K, used 1683K [0x0000000603400000, 0x0000000800000000)
  region size 4096K, 1 young (4096K), 1 survivors (4096K)
 Metaspace       used 2808K, capacity 4806K, committed 5120K, reserved 1056768K
  class space    used 252K, capacity 429K, committed 512K, reserved 1048576K
}
Event: 832.371 GC heap before
{Heap before GC invocations=6 (full 0):
 garbage-first heap   total 524288K, used 308883K [0x0000000603400000, 0x0000000800000000)
  region size 4096K, 76 young (311296K), 1 survivors (4096K)
 Metaspace       used 2811K, capacity 4806K, committed 5120K, reserved 1056768K
  class space    used 252K, capacity 429K, committed 512K, reserved 1048576K
}
Event: 832.372 GC heap after
{Heap after GC invocations=7 (full 0):
 garbage-first heap   total 524288K, used 1687K [0x0000000603400000, 0x0000000800000000)
  region size 4096K, 1 young (4096K), 1 survivors (4096K)
 Metaspace       used 2811K, capacity 4806K, committed 5120K, reserved 1056768K
  class space    used 252K, capacity 429K, committed 512K, reserved 1048576K
}
Event: 1018.154 GC heap before
{Heap before GC invocations=7 (full 0):
 garbage-first heap   total 524288K, used 308887K [0x0000000603400000, 0x0000000800000000)
  region size 4096K, 76 young (311296K), 1 survivors (4096K)
 Metaspace       used 2811K, capacity 4806K, committed 5120K, reserved 1056768K
  class space    used 252K, capacity 429K, committed 512K, reserved 1048576K
}
Event: 1018.155 GC heap after
{Heap after GC invocations=8 (full 0):
 garbage-first heap   total 524288K, used 1687K [0x0000000603400000, 0x0000000800000000)
  region size 4096K, 1 young (4096K), 1 survivors (4096K)
 Metaspace       used 2811K, capacity 4806K, committed 5120K, reserved 1056768K
  class space    used 252K, capacity 429K, committed 512K, reserved 1048576K
}
Event: 1251.647 GC heap before
{Heap before GC invocations=8 (full 0):
 garbage-first heap   total 524288K, used 308887K [0x0000000603400000, 0x0000000800000000)
  region size 4096K, 76 young (311296K), 1 survivors (4096K)
 Metaspace       used 2816K, capacity 4806K, committed 5120K, reserved 1056768K
  class space    used 253K, capacity 429K, committed 512K, reserved 1048576K
}
Event: 1251.649 GC heap after
{Heap after GC invocations=9 (full 0):
 garbage-first heap   total 524288K, used 1702K [0x0000000603400000, 0x0000000800000000)
  region size 4096K, 1 young (4096K), 1 survivors (4096K)
 Metaspace       used 2816K, capacity 4806K, committed 5120K, reserved 1056768K
  class space    used 253K, capacity 429K, committed 512K, reserved 1048576K
}
Event: 1496.523 GC heap before
{Heap before GC invocations=9 (full 0):
 garbage-first heap   total 524288K, used 308902K [0x0000000603400000, 0x0000000800000000)
  region size 4096K, 76 young (311296K), 1 survivors (4096K)
 Metaspace       used 2835K, capacity 4806K, committed 5120K, reserved 1056768K
  class space    used 255K, capacity 429K, committed 512K, reserved 1048576K
}
Event: 1496.526 GC heap after
{Heap after GC invocations=10 (full 0):
 garbage-first heap   total 524288K, used 1704K [0x0000000603400000, 0x0000000800000000)
  region size 4096K, 1 young (4096K), 1 survivors (4096K)
 Metaspace       used 2835K, capacity 4806K, committed 5120K, reserved 1056768K
  class space    used 255K, capacity 429K, committed 512K, reserved 1048576K
}

Deoptimization events (20 events):
Event: 0.245 Thread 0x000001fe9b93edd0 DEOPT PACKING pc=0x000001fea419626d sp=0x000000501d4f8070
Event: 0.245 Thread 0x000001fe9b93edd0 DEOPT UNPACKING pc=0x000001fea3bce23f sp=0x000000501d4f7538 mode 0
Event: 0.248 Thread 0x000001fe9b93edd0 DEOPT PACKING pc=0x000001fea419626d sp=0x000000501d4fbb00
Event: 0.248 Thread 0x000001fe9b93edd0 DEOPT UNPACKING pc=0x000001fea3bce23f sp=0x000000501d4fafc8 mode 0
Event: 0.249 Thread 0x000001fe9b93edd0 DEOPT PACKING pc=0x000001fea4196038 sp=0x000000501d4fbbd0
Event: 0.249 Thread 0x000001fe9b93edd0 DEOPT UNPACKING pc=0x000001fea3bce23f sp=0x000000501d4fb098 mode 0
Event: 0.255 Thread 0x000001fe9b93edd0 DEOPT PACKING pc=0x000001fea4196038 sp=0x000000501d4f7ce0
Event: 0.255 Thread 0x000001fe9b93edd0 DEOPT UNPACKING pc=0x000001fea3bce23f sp=0x000000501d4f71a8 mode 0
Event: 0.255 Thread 0x000001fe9b93edd0 DEOPT PACKING pc=0x000001fea4196038 sp=0x000000501d4f7ce0
Event: 0.255 Thread 0x000001fe9b93edd0 DEOPT UNPACKING pc=0x000001fea3bce23f sp=0x000000501d4f71a8 mode 0
Event: 0.255 Thread 0x000001fe9b93edd0 DEOPT PACKING pc=0x000001fea419626d sp=0x000000501d4f7ce0
Event: 0.255 Thread 0x000001fe9b93edd0 DEOPT UNPACKING pc=0x000001fea3bce23f sp=0x000000501d4f71a8 mode 0
Event: 0.255 Thread 0x000001fe9b93edd0 DEOPT PACKING pc=0x000001fea419626d sp=0x000000501d4f7ce0
Event: 0.255 Thread 0x000001fe9b93edd0 DEOPT UNPACKING pc=0x000001fea3bce23f sp=0x000000501d4f71a8 mode 0
Event: 0.256 Thread 0x000001fe9b93edd0 DEOPT PACKING pc=0x000001fea419626d sp=0x000000501d4f7ce0
Event: 0.256 Thread 0x000001fe9b93edd0 DEOPT UNPACKING pc=0x000001fea3bce23f sp=0x000000501d4f71a8 mode 0
Event: 1291.186 Thread 0x000001fec9199880 Uncommon trap: trap_request=0xffffff45 fr.pc=0x000001feab65926c relative=0x000000000000024c
Event: 1291.186 Thread 0x000001fec9199880 Uncommon trap: reason=unstable_if action=reinterpret pc=0x000001feab65926c method=java.lang.String.isLatin1()Z @ 10 c2
Event: 1291.186 Thread 0x000001fec9199880 DEOPT PACKING pc=0x000001feab65926c sp=0x000000501e4fddf0
Event: 1291.186 Thread 0x000001fec9199880 DEOPT UNPACKING pc=0x000001fea3bce42f sp=0x000000501e4fdd28 mode 2

Classes unloaded (0 events):
No events

Classes redefined (5 events):
Event: 1.159 Thread 0x000001fec877dfa0 redefined class name=test.com.Test04while, count=1
Event: 786.960 Thread 0x000001fec877dfa0 redefined class name=test.com.Test04while, count=2
Event: 1041.114 Thread 0x000001fec877dfa0 redefined class name=test.com.Test04while, count=3
Event: 1291.187 Thread 0x000001fec877dfa0 redefined class name=test.com.Test04while, count=4
Event: 1446.122 Thread 0x000001fec877dfa0 redefined class name=test.com.Test04while, count=5

Internal exceptions (3 events):
Event: 0.120 Thread 0x000001fe9b93edd0 Exception <a 'java/lang/NoSuchMethodError'{0x00000006232c7f40}: 'void java.lang.invoke.DirectMethodHandle$Holder.invokeStatic(java.lang.Object, java.lang.Object)'> (0x00000006232c7f40) 
thrown [./open/src/hotspot/share/interpreter/linkResolver.cpp, line 782]
Event: 0.121 Thread 0x000001fe9b93edd0 Exception <a 'java/lang/NoSuchMethodError'{0x00000006232cbbe8}: 'void java.lang.invoke.DirectMethodHandle$Holder.invokeStaticInit(java.lang.Object, java.lang.Object)'> (0x00000006232cbbe8) 
thrown [./open/src/hotspot/share/interpreter/linkResolver.cpp, line 782]
Event: 0.201 Thread 0x000001fe9b93edd0 Exception <a 'java/lang/NoSuchMethodError'{0x0000000622c67828}: 'java.lang.Object java.lang.invoke.DirectMethodHandle$Holder.invokeStatic(java.lang.Object)'> (0x0000000622c67828) 
thrown [./open/src/hotspot/share/interpreter/linkResolver.cpp, line 782]

Events (20 events):
Event: 832.371 Executing VM operation: G1CollectForAllocation
Event: 832.372 Executing VM operation: G1CollectForAllocation done
Event: 1018.154 Executing VM operation: G1CollectForAllocation
Event: 1018.157 Executing VM operation: G1CollectForAllocation done
Event: 1041.113 Executing VM operation: RedefineClasses
Event: 1041.115 Executing VM operation: RedefineClasses done
Event: 1251.647 Executing VM operation: G1CollectForAllocation
Event: 1251.649 Executing VM operation: G1CollectForAllocation done
Event: 1291.186 Executing VM operation: RedefineClasses
Event: 1291.189 Executing VM operation: RedefineClasses done
Event: 1446.120 loading class java/io/Reader
Event: 1446.120 loading class java/io/Reader done
Event: 1446.120 loading class java/io/InputStreamReader
Event: 1446.120 loading class java/io/InputStreamReader done
Event: 1446.121 Executing VM operation: RedefineClasses
Event: 1446.124 Executing VM operation: RedefineClasses done
Event: 1496.523 Executing VM operation: G1CollectForAllocation
Event: 1496.526 Executing VM operation: G1CollectForAllocation done
Event: 1498.385 Executing VM operation: ChangeBreakpoints
Event: 1498.385 Executing VM operation: ChangeBreakpoints done


Dynamic libraries:
0x00007ff69cdd0000 - 0x00007ff69cddf000 	C:\Program Files\Java\jdk-15.0.2\bin\javaw.exe
0x00007fff79790000 - 0x00007fff79986000 	C:\Windows\SYSTEM32\ntdll.dll
0x00007fff77c20000 - 0x00007fff77cdd000 	C:\Windows\System32\KERNEL32.DLL
0x00007fff772f0000 - 0x00007fff775b9000 	C:\Windows\System32\KERNELBASE.dll
0x00007fff76ed0000 - 0x00007fff76fd0000 	C:\Windows\System32\ucrtbase.dll
0x00007fff5d4c0000 - 0x00007fff5d4d9000 	C:\Program Files\Java\jdk-15.0.2\bin\VCRUNTIME140.dll
0x00007fff5e5d0000 - 0x00007fff5e5e8000 	C:\Program Files\Java\jdk-15.0.2\bin\jli.dll
0x00007fff779a0000 - 0x00007fff77a4c000 	C:\Windows\System32\ADVAPI32.dll
0x00007fff79000000 - 0x00007fff7909e000 	C:\Windows\System32\msvcrt.dll
0x00007fff77b80000 - 0x00007fff77c1c000 	C:\Windows\System32\sechost.dll
0x00007fff77d10000 - 0x00007fff77e3b000 	C:\Windows\System32\RPCRT4.dll
0x00007fff78df0000 - 0x00007fff78f90000 	C:\Windows\System32\USER32.dll
0x00007fff776c0000 - 0x00007fff776e2000 	C:\Windows\System32\win32u.dll
0x00007fff77ce0000 - 0x00007fff77d0a000 	C:\Windows\System32\GDI32.dll
0x00007fff4e2c0000 - 0x00007fff4e55b000 	C:\Windows\WinSxS\amd64_microsoft.windows.common-controls_6595b64144ccf1df_6.0.19041.746_none_ca02b4b61b8320a4\COMCTL32.dll
0x00007fff77130000 - 0x00007fff7723b000 	C:\Windows\System32\gdi32full.dll
0x00007fff776f0000 - 0x00007fff7778d000 	C:\Windows\System32\msvcp_win.dll
0x00007fff70ad0000 - 0x00007fff70ada000 	C:\Windows\SYSTEM32\VERSION.dll
0x00007fff79200000 - 0x00007fff79230000 	C:\Windows\System32\IMM32.DLL
0x00007fff60810000 - 0x00007fff6081c000 	C:\Program Files\Java\jdk-15.0.2\bin\vcruntime140_1.dll
0x00007fff2e120000 - 0x00007fff2e1b1000 	C:\Program Files\Java\jdk-15.0.2\bin\msvcp140.dll
0x00007fff2cf00000 - 0x00007fff2da5e000 	C:\Program Files\Java\jdk-15.0.2\bin\server\jvm.dll
0x00007fff793e0000 - 0x00007fff793e8000 	C:\Windows\System32\PSAPI.DLL
0x00007fff4f7c0000 - 0x00007fff4f7e7000 	C:\Windows\SYSTEM32\WINMM.dll
0x00007fff5fc50000 - 0x00007fff5fc59000 	C:\Windows\SYSTEM32\WSOCK32.dll
0x00007fff79370000 - 0x00007fff793db000 	C:\Windows\System32\WS2_32.dll
0x00007fff757d0000 - 0x00007fff757e2000 	C:\Windows\SYSTEM32\kernel.appcore.dll
0x00007fff5d5f0000 - 0x00007fff5d5fa000 	C:\Program Files\Java\jdk-15.0.2\bin\jimage.dll
0x00007fff74c00000 - 0x00007fff74de4000 	C:\Windows\SYSTEM32\DBGHELP.DLL
0x00007fff68120000 - 0x00007fff6814c000 	C:\Windows\SYSTEM32\dbgcore.DLL
0x00007fff77610000 - 0x00007fff77690000 	C:\Windows\System32\bcryptPrimitives.dll
0x00007fff711a0000 - 0x00007fff711d9000 	C:\Program Files\Java\jdk-15.0.2\bin\jdwp.dll
0x00007fff72a70000 - 0x00007fff72a7e000 	C:\Program Files\Java\jdk-15.0.2\bin\instrument.dll
0x00007fff4a790000 - 0x00007fff4a7b5000 	C:\Program Files\Java\jdk-15.0.2\bin\java.dll
0x00007fff786a0000 - 0x00007fff78de3000 	C:\Windows\System32\SHELL32.dll
0x00007fff75030000 - 0x00007fff757bf000 	C:\Windows\SYSTEM32\windows.storage.dll
0x00007fff793f0000 - 0x00007fff79746000 	C:\Windows\System32\combase.dll
0x00007fff768c0000 - 0x00007fff768ec000 	C:\Windows\SYSTEM32\Wldp.dll
0x00007fff77ad0000 - 0x00007fff77b7e000 	C:\Windows\System32\SHCORE.dll
0x00007fff78640000 - 0x00007fff78695000 	C:\Windows\System32\shlwapi.dll
0x00007fff76e00000 - 0x00007fff76e26000 	C:\Windows\SYSTEM32\profapi.dll
0x00007fff72a00000 - 0x00007fff72a0b000 	C:\Program Files\Java\jdk-15.0.2\bin\dt_socket.dll
0x00007fff762d0000 - 0x00007fff7630b000 	C:\Windows\SYSTEM32\IPHLPAPI.DLL
0x00007fff765e0000 - 0x00007fff7664a000 	C:\Windows\system32\mswsock.dll
0x00007fff76310000 - 0x00007fff763db000 	C:\Windows\SYSTEM32\DNSAPI.dll
0x00007fff78f90000 - 0x00007fff78f98000 	C:\Windows\System32\NSI.dll
0x00007fff6da90000 - 0x00007fff6da9a000 	C:\Windows\System32\rasadhlp.dll
0x00007fff6dab0000 - 0x00007fff6db2f000 	C:\Windows\System32\fwpuclnt.dll
0x00007fff77690000 - 0x00007fff776b7000 	C:\Windows\System32\bcrypt.dll
0x00007fff48f80000 - 0x00007fff48f98000 	C:\Program Files\Java\jdk-15.0.2\bin\zip.dll
0x00007fff4e8c0000 - 0x00007fff4e8d9000 	C:\Program Files\Java\jdk-15.0.2\bin\net.dll
0x00007fff6db60000 - 0x00007fff6dc60000 	C:\Windows\SYSTEM32\WINHTTP.dll
0x00007fff4ad40000 - 0x00007fff4ad52000 	C:\Program Files\Java\jdk-15.0.2\bin\nio.dll
0x00007fff5d400000 - 0x00007fff5d410000 	C:\Program Files\Java\jdk-15.0.2\bin\verify.dll

dbghelp: loaded successfully - version: 4.0.5 - missing functions: none
symbol engine: initialized successfully - sym options: 0x614 - pdb path: .;C:\Program Files\Java\jdk-15.0.2\bin;C:\Windows\SYSTEM32;C:\Windows\WinSxS\amd64_microsoft.windows.common-controls_6595b64144ccf1df_6.0.19041.746_none_ca02b4b61b8320a4;C:\Program Files\Java\jdk-15.0.2\bin\server

VM Arguments:
jvm_args: -XX:+ShowCodeDetailsInExceptionMessages -agentlib:jdwp=transport=dt_socket,suspend=y,address=localhost:51668 -javaagent:C:\IOT\utils\eclipse\configuration\org.eclipse.osgi\405\0\.cp\lib\javaagent-shaded.jar -Dfile.encoding=UTF-8 
java_command: test.com.Test04while
java_class_path (initial): C:\IOT\web\javascript\java03statement\bin
Launcher Type: SUN_STANDARD

[Global flags]
     intx CICompilerCount                          = 4                                         {product} {ergonomic}
     uint ConcGCThreads                            = 2                                         {product} {ergonomic}
     uint G1ConcRefinementThreads                  = 8                                         {product} {ergonomic}
   size_t G1HeapRegionSize                         = 4194304                                   {product} {ergonomic}
    uintx GCDrainStackTargetSize                   = 64                                        {product} {ergonomic}
   size_t InitialHeapSize                          = 536870912                                 {product} {ergonomic}
   size_t MarkStackSize                            = 4194304                                   {product} {ergonomic}
   size_t MaxHeapSize                              = 8535408640                                {product} {ergonomic}
   size_t MaxNewSize                               = 5121245184                                {product} {ergonomic}
   size_t MinHeapDeltaBytes                        = 4194304                                   {product} {ergonomic}
   size_t MinHeapSize                              = 8388608                                   {product} {ergonomic}
    uintx NonNMethodCodeHeapSize                   = 5839372                                {pd product} {ergonomic}
    uintx NonProfiledCodeHeapSize                  = 122909434                              {pd product} {ergonomic}
    uintx ProfiledCodeHeapSize                     = 122909434                              {pd product} {ergonomic}
    uintx ReservedCodeCacheSize                    = 251658240                              {pd product} {ergonomic}
     bool SegmentedCodeCache                       = true                                      {product} {ergonomic}
     bool ShowCodeDetailsInExceptionMessages       = true                                   {manageable} {command line}
   size_t SoftMaxHeapSize                          = 8535408640                             {manageable} {ergonomic}
     bool UseCompressedClassPointers               = true                                 {lp64_product} {ergonomic}
     bool UseCompressedOops                        = true                                 {lp64_product} {ergonomic}
     bool UseG1GC                                  = true                                      {product} {ergonomic}
     bool UseLargePagesIndividualAllocation        = false                                  {pd product} {ergonomic}

Logging:
Log output configuration:
 #0: stdout all=warning uptime,level,tags
 #1: stderr all=off uptime,level,tags

Environment Variables:
PATH=C:\Program Files\Common Files\Oracle\Java\javapath;C:\Program Files (x86)\Common Files\Oracle\Java\javapath;C:\Windows\system32;C:\Windows;C:\Windows\System32\Wbem;C:\Windows\System32\WindowsPowerShell\v1.0\;C:\Windows\System32\OpenSSH\;C:\Users\KOSTA\AppData\Local\Microsoft\WindowsApps;
USERNAME=KOSTA
OS=Windows_NT
PROCESSOR_IDENTIFIER=Intel64 Family 6 Model 142 Stepping 12, GenuineIntel



---------------  S Y S T E M  ---------------

OS:
 Windows 10 , 64 bit Build 19041 (10.0.19041.662)
OS uptime: 1 days 21:13 hours

CPU: total 8 (initial active 8) (4 cores per cpu, 2 threads per core) family 6 model 142 stepping 12 microcode 0xca, cmov, cx8, fxsr, mmx, sse, sse2, sse3, ssse3, sse4.1, sse4.2, popcnt, vzeroupper, avx, avx2, aes, clmul, erms, 3dnowpref, lzcnt, ht, tsc, tscinvbit, bmi1, bmi2, adx, fma, clflush, clflushopt

Memory: 4k page, system-wide physical 32549M (24573M free)
TotalPageFile size 43616M (AvailPageFile size 6823M)
current process WorkingSet (physical memory assigned to process): 345M, peak: 345M
current process commit charge ("private bytes"): 616M, peak: 624M

vm_info: Java HotSpot(TM) 64-Bit Server VM (15.0.2+7-27) for windows-amd64 JRE (15.0.2+7-27), built on Dec  7 2020 20:07:01 by "mach5one" with unknown MS VC++:1925

END.
