#
# A fatal error has been detected by the Java Runtime Environment:
#
#  EXCEPTION_ACCESS_VIOLATION (0xc0000005) at pc=0x000001609ada4482, pid=18772, tid=17532
#
# JRE version: Java(TM) SE Runtime Environment (15.0.2+7) (build 15.0.2+7-27)
# Java VM: Java HotSpot(TM) 64-Bit Server VM (15.0.2+7-27, mixed mode, sharing, tiered, compressed oops, g1 gc, windows-amd64)
# Problematic frame:
# j  test.com.Test04while.main([Ljava/lang/String;)V+13
#
# No core dump will be written. Minidumps are not enabled by default on client versions of Windows
#
# If you would like to submit a bug report, please visit:
#   https://bugreport.java.com/bugreport/crash.jsp
#

---------------  S U M M A R Y ------------

Command Line: -XX:+ShowCodeDetailsInExceptionMessages -agentlib:jdwp=transport=dt_socket,suspend=y,address=localhost:51669 -javaagent:C:\IOT\utils\eclipse\configuration\org.eclipse.osgi\405\0\.cp\lib\javaagent-shaded.jar -Dfile.encoding=UTF-8 test.com.Test04while

Host: Intel(R) Core(TM) i5-10210U CPU @ 1.60GHz, 8 cores, 31G,  Windows 10 , 64 bit Build 19041 (10.0.19041.662)
Time: Thu Feb 18 15:16:35 2021 대한민국 표준시 elapsed time: 1498.618935 seconds (0d 0h 24m 58s)

---------------  T H R E A D  ---------------

Current thread (0x0000016092b30570):  JavaThread "main" [_thread_in_Java, id=17532, stack(0x0000003e3cb00000,0x0000003e3cc00000)]

Stack: [0x0000003e3cb00000,0x0000003e3cc00000],  sp=0x0000003e3cbff320,  free space=1020k
Native frames: (J=compiled Java code, j=interpreted, Vv=VM code, C=native code)
C  0x000001609ada4482


siginfo: EXCEPTION_ACCESS_VIOLATION (0xc0000005), reading address 0x00000160bfe59d30


Register to memory mapping:

RIP=0x000001609ada4482 is at code_begin+450 in an Interpreter codelet
fast_iputfield  217 fast_iputfield  [0x000001609ada42c0, 0x000001609ada44e0]  544 bytes
RAX=0x000000003cbff318 is an unknown value
RBX=0x00000000000182fc is an unknown value
RCX=0x00000160bfd98518 is pointing into metadata
RDX=0xffffffffffffffca is an unknown value
RSP=0x0000003e3cbff320 is pointing into the stack for thread: 0x0000016092b30570
RBP=0x0000003e3cbff360 is pointing into the stack for thread: 0x0000016092b30570
RSI=3255329979 is a compressed pointer to object: java.io.FileOutputStream 
{0x00000006104325d8} - klass: 'java/io/FileOutputStream'
RDI=0x0 is NULL
R8 =8192 is a compressed pointer to class: 0x0000000800010000
R9 =0x0 is NULL
R10=0x00007fff2d987684 jvm.dll
R11=0x000000061040cda8 is an oop: java.io.PrintStream 
{0x000000061040cda8} - klass: 'java/io/PrintStream'
R12=0x0 is NULL
R13=0x00000160bfd9843a is pointing into metadata
R14=0x0000003e3cbff370 is pointing into the stack for thread: 0x0000016092b30570
R15=0x0000016092b30570 is a thread


Registers:
RAX=0x000000003cbff318, RBX=0x00000000000182fc, RCX=0x00000160bfd98518, RDX=0xffffffffffffffca
RSP=0x0000003e3cbff320, RBP=0x0000003e3cbff360, RSI=0x00000000c20864bb, RDI=0x0000000000000000
R8 =0x0000000000002000, R9 =0x0000000000000000, R10=0x00007fff2d987684, R11=0x000000061040cda8
R12=0x0000000000000000, R13=0x00000160bfd9843a, R14=0x0000003e3cbff370, R15=0x0000016092b30570
RIP=0x000001609ada4482, EFLAGS=0x0000000000010206

Top of Stack: (sp=0x0000003e3cbff320)
0x0000003e3cbff320:   00000160bfd9846d 0000003e3cbff370
0x0000003e3cbff330:   00000160bfd98518 0000000000000000
0x0000003e3cbff340:   000000061040ce98 00000160bfd98490
0x0000003e3cbff350:   0000000000000000 0000003e3cbff370
0x0000003e3cbff360:   0000003e3cbff550 000001609ad70f90
0x0000003e3cbff370:   000000061040cf08 0000016000000000
0x0000003e3cbff380:   0000016092b30f18 00007fff797a786b
0x0000003e3cbff390:   0000000000000000 00000160908c1080
0x0000003e3cbff3a0:   00000160c03873d0 00000160908c0000
0x0000003e3cbff3b0:   00000160908c02b4 00007fff2d5fbe5b
0x0000003e3cbff3c0:   0000000000000050 00000160908c0cc0
0x0000003e3cbff3d0:   00000000000001a0 0000000000000000
0x0000003e3cbff3e0:   0000000000000000 0000000000000050
0x0000003e3cbff3f0:   0000000000000040 0000000000000005
0x0000003e3cbff400:   0000000000000000 0000003e3cbff4d9
0x0000003e3cbff410:   0000016090920000 00007fff797a6e2c 

Instructions: (pc=0x000001609ada4482)
0x000001609ada4382:   00 00 00 00 00 4d 89 97 10 03 00 00 c5 f8 77 41
0x000001609ada4392:   8b 8f 2c 04 00 00 f7 c1 01 00 00 00 0f 84 49 00
0x000001609ada43a2:   00 00 f7 c1 02 00 00 00 0f 85 3d 00 00 00 48 83
0x000001609ada43b2:   ec 20 f7 c4 0f 00 00 00 0f 84 1a 00 00 00 48 83
0x000001609ada43c2:   ec 08 49 ba 90 68 24 2d ff 7f 00 00 41 ff d2 48
0x000001609ada43d2:   83 c4 08 e9 0d 00 00 00 49 ba 90 68 24 2d ff 7f
0x000001609ada43e2:   00 00 41 ff d2 48 83 c4 20 ff e0 49 8b 8f 80 04
0x000001609ada43f2:   00 00 48 85 c9 0f 84 56 00 00 00 8b 49 7c 83 f9
0x000001609ada4402:   01 0f 85 4a 00 00 00 49 8b 8f 80 04 00 00 8b 89
0x000001609ada4412:   80 00 00 00 48 83 ec 20 f7 c4 0f 00 00 00 0f 84
0x000001609ada4422:   1a 00 00 00 48 83 ec 08 49 ba 80 68 24 2d ff 7f
0x000001609ada4432:   00 00 41 ff d2 48 83 c4 08 e9 0d 00 00 00 49 ba
0x000001609ada4442:   80 68 24 2d ff 7f 00 00 41 ff d2 48 83 c4 20 ff
0x000001609ada4452:   e0 49 81 7f 08 00 00 00 00 0f 84 05 00 00 00 e9
0x000001609ada4462:   1a ca fc ff 4c 8b 6d c0 4c 8b 75 c8 c3 8b 04 24
0x000001609ada4472:   48 83 c4 08 41 0f b7 5d 01 48 8b 4d d0 c1 e3 02
0x000001609ada4482:   8b 54 d9 38 48 8b 5c d9 30 c1 ea 15 83 e2 01 59
0x000001609ada4492:   48 3b 01 85 d2 0f 84 0e 00 00 00 89 04 19 f0 83
0x000001609ada44a2:   44 24 c0 00 e9 03 00 00 00 89 04 19 41 0f b6 5d
0x000001609ada44b2:   03 49 83 c5 03 49 ba 10 3a 9b 2d ff 7f 00 00 41
0x000001609ada44c2:   ff 24 da 66 66 90 00 00 00 00 00 00 00 00 00 00
0x000001609ada44d2:   00 00 00 00 00 00 00 00 00 00 00 00 00 00 40 02
0x000001609ada44e2:   00 00 00 00 00 00 f0 30 75 2d ff 7f 00 00 da 00
0x000001609ada44f2:   00 00 00 00 00 00 00 00 00 00 00 00 00 00 48 8b
0x000001609ada4502:   04 24 48 83 c4 10 49 ba 84 76 98 2d ff 7f 00 00
0x000001609ada4512:   45 8b 0a 45 85 c9 0f 84 b0 01 00 00 5b 53 48 83
0x000001609ada4522:   ec 10 48 89 04 24 49 ba 00 00 00 00 00 00 00 00
0x000001609ada4532:   4c 89 54 24 08 4c 8b cc 41 0f b7 45 01 c1 e0 05
0x000001609ada4542:   4c 8b 45 d0 49 83 c0 20 4c 03 c0 e8 05 00 00 00
0x000001609ada4552:   e9 6f 01 00 00 48 8b d3 48 8d 44 24 08 4c 89 6d
0x000001609ada4562:   c0 49 8b cf c5 f8 77 49 89 af 18 03 00 00 49 89
0x000001609ada4572:   87 08 03 00 00 48 83 ec 20 f7 c4 0f 00 00 00 0f 


Stack slot to memory mapping:
stack at sp + 0 slots: 0x00000160bfd9846d is pointing into metadata
stack at sp + 1 slots: 0x0000003e3cbff370 is pointing into the stack for thread: 0x0000016092b30570
stack at sp + 2 slots: 0x00000160bfd98518 is pointing into metadata
stack at sp + 3 slots: 0x0 is NULL
stack at sp + 4 slots: 0x000000061040ce98 is an oop: java.lang.Class 
{0x000000061040ce98} - klass: 'java/lang/Class'
stack at sp + 5 slots: {method} {0x00000160bfd98498} 'main' '([Ljava/lang/String;)V' in 'test/com/Test04while'
stack at sp + 6 slots: 0x0 is NULL
stack at sp + 7 slots: 0x0000003e3cbff370 is pointing into the stack for thread: 0x0000016092b30570

fast_iputfield  217 fast_iputfield  [0x000001609ada42c0, 0x000001609ada44e0]  544 bytes
[MachCode]
  0x000001609ada42c0: 8b04 2448 | 83c4 0849 | ba84 7698 | 2dff 7f00 | 0045 8b0a | 4585 c90f | 8499 0100 | 005b 5350 
  0x000001609ada42e0: 4c8b cc41 | 0fb7 4501 | c1e0 054c | 8b45 d049 | 83c0 204c | 03c0 e805 | 0000 00e9 | 6f01 0000 
  0x000001609ada4300: 488b d348 | 8d44 2408 | 4c89 6dc0 | 498b cfc5 | f877 4989 | af18 0300 | 0049 8987 | 0803 0000 
  0x000001609ada4320: 4883 ec20 | f7c4 0f00 | 0000 0f84 | 1a00 0000 | 4883 ec08 | 49ba 00c0 | 242d ff7f | 0000 41ff 
  0x000001609ada4340: d248 83c4 | 08e9 0d00 | 0000 49ba | 00c0 242d | ff7f 0000 | 41ff d248 | 83c4 2049 | ba00 0000 
  0x000001609ada4360: 0000 0000 | 004d 8997 | 0803 0000 | 49ba 0000 | 0000 0000 | 0000 4d89 | 9718 0300 | 0049 ba00 
  0x000001609ada4380: 0000 0000 | 0000 004d | 8997 1003 | 0000 c5f8 | 7741 8b8f | 2c04 0000 | f7c1 0100 | 0000 0f84 
  0x000001609ada43a0: 4900 0000 | f7c1 0200 | 0000 0f85 | 3d00 0000 | 4883 ec20 | f7c4 0f00 | 0000 0f84 | 1a00 0000 
  0x000001609ada43c0: 4883 ec08 | 49ba 9068 | 242d ff7f | 0000 41ff | d248 83c4 | 08e9 0d00 | 0000 49ba | 9068 242d 
  0x000001609ada43e0: ff7f 0000 | 41ff d248 | 83c4 20ff | e049 8b8f | 8004 0000 | 4885 c90f | 8456 0000 | 008b 497c 
  0x000001609ada4400: 83f9 010f | 854a 0000 | 0049 8b8f | 8004 0000 | 8b89 8000 | 0000 4883 | ec20 f7c4 | 0f00 0000 
  0x000001609ada4420: 0f84 1a00 | 0000 4883 | ec08 49ba | 8068 242d | ff7f 0000 | 41ff d248 | 83c4 08e9 | 0d00 0000 
  0x000001609ada4440: 49ba 8068 | 242d ff7f | 0000 41ff | d248 83c4 | 20ff e049 | 817f 0800 | 0000 000f | 8405 0000 
  0x000001609ada4460: 00e9 1aca | fcff 4c8b | 6dc0 4c8b | 75c8 c38b | 0424 4883 | c408 410f | b75d 0148 | 8b4d d0c1 
  0x000001609ada4480: e302 8b54 | d938 488b | 5cd9 30c1 | ea15 83e2 | 0159 483b | 0185 d20f | 840e 0000 | 0089 0419 
  0x000001609ada44a0: f083 4424 | c000 e903 | 0000 0089 | 0419 410f | b65d 0349 | 83c5 0349 | ba10 3a9b | 2dff 7f00 
  0x000001609ada44c0: 0041 ff24 | da66 6690 | 0000 0000 | 0000 0000 | 0000 0000 | 0000 0000 | 0000 0000 | 0000 0000 
[/MachCode]

---------------  P R O C E S S  ---------------

Threads class SMR info:
_java_thread_list=0x00000160c045c780, length=14, elements={
0x0000016092b30570, 0x00000160c015e500, 0x00000160c015f680, 0x00000160c017ed90,
0x00000160c017f650, 0x00000160c0181e60, 0x00000160c01866f0, 0x00000160c018a7b0,
0x00000160c019c010, 0x00000160c02a0fe0, 0x00000160c0355910, 0x00000160c036a2d0,
0x00000160c036a7c0, 0x00000160c02a2320
}

Java Threads: ( => current thread )
=>0x0000016092b30570 JavaThread "main" [_thread_in_Java, id=17532, stack(0x0000003e3cb00000,0x0000003e3cc00000)]
  0x00000160c015e500 JavaThread "Reference Handler" daemon [_thread_blocked, id=11404, stack(0x0000003e3d200000,0x0000003e3d300000)]
  0x00000160c015f680 JavaThread "Finalizer" daemon [_thread_blocked, id=19020, stack(0x0000003e3d300000,0x0000003e3d400000)]
  0x00000160c017ed90 JavaThread "Signal Dispatcher" daemon [_thread_blocked, id=17764, stack(0x0000003e3d400000,0x0000003e3d500000)]
  0x00000160c017f650 JavaThread "Attach Listener" daemon [_thread_blocked, id=4200, stack(0x0000003e3d500000,0x0000003e3d600000)]
  0x00000160c0181e60 JavaThread "Service Thread" daemon [_thread_blocked, id=18616, stack(0x0000003e3d600000,0x0000003e3d700000)]
  0x00000160c01866f0 JavaThread "C2 CompilerThread0" daemon [_thread_blocked, id=18508, stack(0x0000003e3d700000,0x0000003e3d800000)]
  0x00000160c018a7b0 JavaThread "C1 CompilerThread0" daemon [_thread_blocked, id=19304, stack(0x0000003e3d800000,0x0000003e3d900000)]
  0x00000160c019c010 JavaThread "Sweeper thread" daemon [_thread_blocked, id=19368, stack(0x0000003e3d900000,0x0000003e3da00000)]
  0x00000160c02a0fe0 JavaThread "Common-Cleaner" daemon [_thread_blocked, id=7612, stack(0x0000003e3da00000,0x0000003e3db00000)]
  0x00000160c0355910 JavaThread "JDWP Transport Listener: dt_socket" daemon [_thread_blocked, id=18388, stack(0x0000003e3db00000,0x0000003e3dc00000)]
  0x00000160c036a2d0 JavaThread "JDWP Event Helper Thread" daemon [_thread_blocked, id=17576, stack(0x0000003e3dc00000,0x0000003e3dd00000)]
  0x00000160c036a7c0 JavaThread "JDWP Command Reader" daemon [_thread_in_native, id=18696, stack(0x0000003e3dd00000,0x0000003e3de00000)]
  0x00000160c02a2320 JavaThread "Notification Thread" daemon [_thread_blocked, id=15504, stack(0x0000003e3df00000,0x0000003e3e000000)]

Other Threads:
  0x00000160c015c6d0 VMThread "VM Thread" [stack: 0x0000003e3d100000,0x0000003e3d200000] [id=18516]
  0x0000016092b315a0 WatcherThread [stack: 0x0000003e3e000000,0x0000003e3e100000] [id=16712]
  0x0000016092ba5f90 GCTaskThread "GC Thread#0" [stack: 0x0000003e3cc00000,0x0000003e3cd00000] [id=18584]
  0x00000160c0990d00 GCTaskThread "GC Thread#1" [stack: 0x0000003e3e100000,0x0000003e3e200000] [id=19000]
  0x00000160c098f6b0 GCTaskThread "GC Thread#2" [stack: 0x0000003e3e200000,0x0000003e3e300000] [id=10200]
  0x00000160c0991690 GCTaskThread "GC Thread#3" [stack: 0x0000003e3e300000,0x0000003e3e400000] [id=2088]
  0x00000160c0990040 GCTaskThread "GC Thread#4" [stack: 0x0000003e3e400000,0x0000003e3e500000] [id=18764]
  0x00000160c09909d0 GCTaskThread "GC Thread#5" [stack: 0x0000003e3e500000,0x0000003e3e600000] [id=15332]
  0x00000160c0992020 GCTaskThread "GC Thread#6" [stack: 0x0000003e3e600000,0x0000003e3e700000] [id=18872]
  0x00000160c0991cf0 GCTaskThread "GC Thread#7" [stack: 0x0000003e3e700000,0x0000003e3e800000] [id=16088]
  0x0000016092bb9580 ConcurrentGCThread "G1 Main Marker" [stack: 0x0000003e3cd00000,0x0000003e3ce00000] [id=18556]
  0x0000016092bb9f80 ConcurrentGCThread "G1 Conc#0" [stack: 0x0000003e3ce00000,0x0000003e3cf00000] [id=13112]
  0x0000016092c0e110 ConcurrentGCThread "G1 Refine#0" [stack: 0x0000003e3cf00000,0x0000003e3d000000] [id=17596]
  0x0000016092c0e860 ConcurrentGCThread "G1 Young RemSet Sampling" [stack: 0x0000003e3d000000,0x0000003e3d100000] [id=11380]

Threads with active compile tasks:

VM state: not at safepoint (normal execution)

VM Mutex/Monitor currently owned by a thread: None

Heap address: 0x0000000603400000, size: 8140 MB, Compressed Oops mode: Zero based, Oop shift amount: 3
CDS archive(s) mapped at: [0x0000000800000000-0x0000000800b50000-0x0000000800b50000), size 11862016, SharedBaseAddress: 0x0000000800000000, ArchiveRelocationMode: 0.
Compressed class space mapped at: 0x0000000800b50000-0x0000000840b50000, size: 1073741824
Narrow klass base: 0x0000000800000000, Narrow klass shift: 3, Narrow klass range: 0x100000000

GC Precious Log:
 CPUs: 8 total, 8 available
 Memory: 32549M
 Large Page Support: Disabled
 NUMA Support: Disabled
 Compressed Oops: Enabled (Zero based)
 Heap Region Size: 4M
 Heap Min Capacity: 8M
 Heap Initial Capacity: 512M
 Heap Max Capacity: 8140M
 Pre-touch: Disabled
 Parallel Workers: 8
 Concurrent Workers: 2
 Concurrent Refinement Workers: 8
 Periodic GC: Disabled

Heap:
 garbage-first heap   total 524288K, used 5787K [0x0000000603400000, 0x0000000800000000)
  region size 4096K, 3 young (12288K), 1 survivors (4096K)
 Metaspace       used 2836K, capacity 4806K, committed 5120K, reserved 1056768K
  class space    used 255K, capacity 429K, committed 512K, reserved 1048576K

Heap Regions: E=young(eden), S=young(survivor), O=old, HS=humongous(starts), HC=humongous(continues), CS=collection set, F=free, OA=open archive, CA=closed archive, TAMS=top-at-mark-start (previous, next)
|   0|0x0000000603400000, 0x0000000603400000, 0x0000000603800000|  0%| F|  |TAMS 0x0000000603400000, 0x0000000603400000| Untracked 
|   1|0x0000000603800000, 0x0000000603800000, 0x0000000603c00000|  0%| F|  |TAMS 0x0000000603800000, 0x0000000603800000| Untracked 
|   2|0x0000000603c00000, 0x0000000603c00000, 0x0000000604000000|  0%| F|  |TAMS 0x0000000603c00000, 0x0000000603c00000| Untracked 
|   3|0x0000000604000000, 0x0000000604000000, 0x0000000604400000|  0%| F|  |TAMS 0x0000000604000000, 0x0000000604000000| Untracked 
|   4|0x0000000604400000, 0x0000000604400000, 0x0000000604800000|  0%| F|  |TAMS 0x0000000604400000, 0x0000000604400000| Untracked 
|   5|0x0000000604800000, 0x0000000604800000, 0x0000000604c00000|  0%| F|  |TAMS 0x0000000604800000, 0x0000000604800000| Untracked 
|   6|0x0000000604c00000, 0x0000000604c00000, 0x0000000605000000|  0%| F|  |TAMS 0x0000000604c00000, 0x0000000604c00000| Untracked 
|   7|0x0000000605000000, 0x0000000605000000, 0x0000000605400000|  0%| F|  |TAMS 0x0000000605000000, 0x0000000605000000| Untracked 
|   8|0x0000000605400000, 0x0000000605400000, 0x0000000605800000|  0%| F|  |TAMS 0x0000000605400000, 0x0000000605400000| Untracked 
|   9|0x0000000605800000, 0x0000000605800000, 0x0000000605c00000|  0%| F|  |TAMS 0x0000000605800000, 0x0000000605800000| Untracked 
|  10|0x0000000605c00000, 0x0000000605c00000, 0x0000000606000000|  0%| F|  |TAMS 0x0000000605c00000, 0x0000000605c00000| Untracked 
|  11|0x0000000606000000, 0x0000000606000000, 0x0000000606400000|  0%| F|  |TAMS 0x0000000606000000, 0x0000000606000000| Untracked 
|  12|0x0000000606400000, 0x0000000606400000, 0x0000000606800000|  0%| F|  |TAMS 0x0000000606400000, 0x0000000606400000| Untracked 
|  13|0x0000000606800000, 0x0000000606800000, 0x0000000606c00000|  0%| F|  |TAMS 0x0000000606800000, 0x0000000606800000| Untracked 
|  14|0x0000000606c00000, 0x0000000606c00000, 0x0000000607000000|  0%| F|  |TAMS 0x0000000606c00000, 0x0000000606c00000| Untracked 
|  15|0x0000000607000000, 0x0000000607000000, 0x0000000607400000|  0%| F|  |TAMS 0x0000000607000000, 0x0000000607000000| Untracked 
|  16|0x0000000607400000, 0x0000000607400000, 0x0000000607800000|  0%| F|  |TAMS 0x0000000607400000, 0x0000000607400000| Untracked 
|  17|0x0000000607800000, 0x0000000607800000, 0x0000000607c00000|  0%| F|  |TAMS 0x0000000607800000, 0x0000000607800000| Untracked 
|  18|0x0000000607c00000, 0x0000000607c00000, 0x0000000608000000|  0%| F|  |TAMS 0x0000000607c00000, 0x0000000607c00000| Untracked 
|  19|0x0000000608000000, 0x0000000608000000, 0x0000000608400000|  0%| F|  |TAMS 0x0000000608000000, 0x0000000608000000| Untracked 
|  20|0x0000000608400000, 0x0000000608400000, 0x0000000608800000|  0%| F|  |TAMS 0x0000000608400000, 0x0000000608400000| Untracked 
|  21|0x0000000608800000, 0x0000000608800000, 0x0000000608c00000|  0%| F|  |TAMS 0x0000000608800000, 0x0000000608800000| Untracked 
|  22|0x0000000608c00000, 0x0000000608c00000, 0x0000000609000000|  0%| F|  |TAMS 0x0000000608c00000, 0x0000000608c00000| Untracked 
|  23|0x0000000609000000, 0x0000000609000000, 0x0000000609400000|  0%| F|  |TAMS 0x0000000609000000, 0x0000000609000000| Untracked 
|  24|0x0000000609400000, 0x0000000609400000, 0x0000000609800000|  0%| F|  |TAMS 0x0000000609400000, 0x0000000609400000| Untracked 
|  25|0x0000000609800000, 0x0000000609800000, 0x0000000609c00000|  0%| F|  |TAMS 0x0000000609800000, 0x0000000609800000| Untracked 
|  26|0x0000000609c00000, 0x0000000609c00000, 0x000000060a000000|  0%| F|  |TAMS 0x0000000609c00000, 0x0000000609c00000| Untracked 
|  27|0x000000060a000000, 0x000000060a000000, 0x000000060a400000|  0%| F|  |TAMS 0x000000060a000000, 0x000000060a000000| Untracked 
|  28|0x000000060a400000, 0x000000060a400000, 0x000000060a800000|  0%| F|  |TAMS 0x000000060a400000, 0x000000060a400000| Untracked 
|  29|0x000000060a800000, 0x000000060a800000, 0x000000060ac00000|  0%| F|  |TAMS 0x000000060a800000, 0x000000060a800000| Untracked 
|  30|0x000000060ac00000, 0x000000060ac00000, 0x000000060b000000|  0%| F|  |TAMS 0x000000060ac00000, 0x000000060ac00000| Untracked 
|  31|0x000000060b000000, 0x000000060b000000, 0x000000060b400000|  0%| F|  |TAMS 0x000000060b000000, 0x000000060b000000| Untracked 
|  32|0x000000060b400000, 0x000000060b400000, 0x000000060b800000|  0%| F|  |TAMS 0x000000060b400000, 0x000000060b400000| Untracked 
|  33|0x000000060b800000, 0x000000060b800000, 0x000000060bc00000|  0%| F|  |TAMS 0x000000060b800000, 0x000000060b800000| Untracked 
|  34|0x000000060bc00000, 0x000000060bc00000, 0x000000060c000000|  0%| F|  |TAMS 0x000000060bc00000, 0x000000060bc00000| Untracked 
|  35|0x000000060c000000, 0x000000060c000000, 0x000000060c400000|  0%| F|  |TAMS 0x000000060c000000, 0x000000060c000000| Untracked 
|  36|0x000000060c400000, 0x000000060c400000, 0x000000060c800000|  0%| F|  |TAMS 0x000000060c400000, 0x000000060c400000| Untracked 
|  37|0x000000060c800000, 0x000000060c800000, 0x000000060cc00000|  0%| F|  |TAMS 0x000000060c800000, 0x000000060c800000| Untracked 
|  38|0x000000060cc00000, 0x000000060cc00000, 0x000000060d000000|  0%| F|  |TAMS 0x000000060cc00000, 0x000000060cc00000| Untracked 
|  39|0x000000060d000000, 0x000000060d000000, 0x000000060d400000|  0%| F|  |TAMS 0x000000060d000000, 0x000000060d000000| Untracked 
|  40|0x000000060d400000, 0x000000060d400000, 0x000000060d800000|  0%| F|  |TAMS 0x000000060d400000, 0x000000060d400000| Untracked 
|  41|0x000000060d800000, 0x000000060d800000, 0x000000060dc00000|  0%| F|  |TAMS 0x000000060d800000, 0x000000060d800000| Untracked 
|  42|0x000000060dc00000, 0x000000060dc00000, 0x000000060e000000|  0%| F|  |TAMS 0x000000060dc00000, 0x000000060dc00000| Untracked 
|  43|0x000000060e000000, 0x000000060e000000, 0x000000060e400000|  0%| F|  |TAMS 0x000000060e000000, 0x000000060e000000| Untracked 
|  44|0x000000060e400000, 0x000000060e400000, 0x000000060e800000|  0%| F|  |TAMS 0x000000060e400000, 0x000000060e400000| Untracked 
|  45|0x000000060e800000, 0x000000060e800000, 0x000000060ec00000|  0%| F|  |TAMS 0x000000060e800000, 0x000000060e800000| Untracked 
|  46|0x000000060ec00000, 0x000000060ec00000, 0x000000060f000000|  0%| F|  |TAMS 0x000000060ec00000, 0x000000060ec00000| Untracked 
|  47|0x000000060f000000, 0x000000060f000000, 0x000000060f400000|  0%| F|  |TAMS 0x000000060f000000, 0x000000060f000000| Untracked 
|  48|0x000000060f400000, 0x000000060f400000, 0x000000060f800000|  0%| F|  |TAMS 0x000000060f400000, 0x000000060f400000| Untracked 
|  49|0x000000060f800000, 0x000000060f800000, 0x000000060fc00000|  0%| F|  |TAMS 0x000000060f800000, 0x000000060f800000| Untracked 
|  50|0x000000060fc00000, 0x000000060fc00000, 0x0000000610000000|  0%| F|  |TAMS 0x000000060fc00000, 0x000000060fc00000| Untracked 
|  51|0x0000000610000000, 0x0000000610000000, 0x0000000610400000|  0%| F|  |TAMS 0x0000000610000000, 0x0000000610000000| Untracked 
|  52|0x0000000610400000, 0x00000006105a6c40, 0x0000000610800000| 41%| S|CS|TAMS 0x0000000610400000, 0x0000000610400000| Complete 
|  53|0x0000000610800000, 0x0000000610800000, 0x0000000610c00000|  0%| F|  |TAMS 0x0000000610800000, 0x0000000610800000| Untracked 
|  54|0x0000000610c00000, 0x0000000610c00000, 0x0000000611000000|  0%| F|  |TAMS 0x0000000610c00000, 0x0000000610c00000| Untracked 
|  55|0x0000000611000000, 0x0000000611000000, 0x0000000611400000|  0%| F|  |TAMS 0x0000000611000000, 0x0000000611000000| Untracked 
|  56|0x0000000611400000, 0x0000000611400000, 0x0000000611800000|  0%| F|  |TAMS 0x0000000611400000, 0x0000000611400000| Untracked 
|  57|0x0000000611800000, 0x0000000611800000, 0x0000000611c00000|  0%| F|  |TAMS 0x0000000611800000, 0x0000000611800000| Untracked 
|  58|0x0000000611c00000, 0x0000000611c00000, 0x0000000612000000|  0%| F|  |TAMS 0x0000000611c00000, 0x0000000611c00000| Untracked 
|  59|0x0000000612000000, 0x0000000612000000, 0x0000000612400000|  0%| F|  |TAMS 0x0000000612000000, 0x0000000612000000| Untracked 
|  60|0x0000000612400000, 0x0000000612400000, 0x0000000612800000|  0%| F|  |TAMS 0x0000000612400000, 0x0000000612400000| Untracked 
|  61|0x0000000612800000, 0x0000000612800000, 0x0000000612c00000|  0%| F|  |TAMS 0x0000000612800000, 0x0000000612800000| Untracked 
|  62|0x0000000612c00000, 0x0000000612c00000, 0x0000000613000000|  0%| F|  |TAMS 0x0000000612c00000, 0x0000000612c00000| Untracked 
|  63|0x0000000613000000, 0x0000000613000000, 0x0000000613400000|  0%| F|  |TAMS 0x0000000613000000, 0x0000000613000000| Untracked 
|  64|0x0000000613400000, 0x0000000613400000, 0x0000000613800000|  0%| F|  |TAMS 0x0000000613400000, 0x0000000613400000| Untracked 
|  65|0x0000000613800000, 0x0000000613800000, 0x0000000613c00000|  0%| F|  |TAMS 0x0000000613800000, 0x0000000613800000| Untracked 
|  66|0x0000000613c00000, 0x0000000613c00000, 0x0000000614000000|  0%| F|  |TAMS 0x0000000613c00000, 0x0000000613c00000| Untracked 
|  67|0x0000000614000000, 0x0000000614000000, 0x0000000614400000|  0%| F|  |TAMS 0x0000000614000000, 0x0000000614000000| Untracked 
|  68|0x0000000614400000, 0x0000000614400000, 0x0000000614800000|  0%| F|  |TAMS 0x0000000614400000, 0x0000000614400000| Untracked 
|  69|0x0000000614800000, 0x0000000614800000, 0x0000000614c00000|  0%| F|  |TAMS 0x0000000614800000, 0x0000000614800000| Untracked 
|  70|0x0000000614c00000, 0x0000000614c00000, 0x0000000615000000|  0%| F|  |TAMS 0x0000000614c00000, 0x0000000614c00000| Untracked 
|  71|0x0000000615000000, 0x0000000615000000, 0x0000000615400000|  0%| F|  |TAMS 0x0000000615000000, 0x0000000615000000| Untracked 
|  72|0x0000000615400000, 0x0000000615400000, 0x0000000615800000|  0%| F|  |TAMS 0x0000000615400000, 0x0000000615400000| Untracked 
|  73|0x0000000615800000, 0x0000000615800000, 0x0000000615c00000|  0%| F|  |TAMS 0x0000000615800000, 0x0000000615800000| Untracked 
|  74|0x0000000615c00000, 0x0000000615c00000, 0x0000000616000000|  0%| F|  |TAMS 0x0000000615c00000, 0x0000000615c00000| Untracked 
|  75|0x0000000616000000, 0x0000000616000000, 0x0000000616400000|  0%| F|  |TAMS 0x0000000616000000, 0x0000000616000000| Untracked 
|  76|0x0000000616400000, 0x0000000616400000, 0x0000000616800000|  0%| F|  |TAMS 0x0000000616400000, 0x0000000616400000| Untracked 
|  77|0x0000000616800000, 0x0000000616800000, 0x0000000616c00000|  0%| F|  |TAMS 0x0000000616800000, 0x0000000616800000| Untracked 
|  78|0x0000000616c00000, 0x0000000616c00000, 0x0000000617000000|  0%| F|  |TAMS 0x0000000616c00000, 0x0000000616c00000| Untracked 
|  79|0x0000000617000000, 0x0000000617000000, 0x0000000617400000|  0%| F|  |TAMS 0x0000000617000000, 0x0000000617000000| Untracked 
|  80|0x0000000617400000, 0x0000000617400000, 0x0000000617800000|  0%| F|  |TAMS 0x0000000617400000, 0x0000000617400000| Untracked 
|  81|0x0000000617800000, 0x0000000617800000, 0x0000000617c00000|  0%| F|  |TAMS 0x0000000617800000, 0x0000000617800000| Untracked 
|  82|0x0000000617c00000, 0x0000000617c00000, 0x0000000618000000|  0%| F|  |TAMS 0x0000000617c00000, 0x0000000617c00000| Untracked 
|  83|0x0000000618000000, 0x0000000618000000, 0x0000000618400000|  0%| F|  |TAMS 0x0000000618000000, 0x0000000618000000| Untracked 
|  84|0x0000000618400000, 0x0000000618400000, 0x0000000618800000|  0%| F|  |TAMS 0x0000000618400000, 0x0000000618400000| Untracked 
|  85|0x0000000618800000, 0x0000000618800000, 0x0000000618c00000|  0%| F|  |TAMS 0x0000000618800000, 0x0000000618800000| Untracked 
|  86|0x0000000618c00000, 0x0000000618c00000, 0x0000000619000000|  0%| F|  |TAMS 0x0000000618c00000, 0x0000000618c00000| Untracked 
|  87|0x0000000619000000, 0x0000000619000000, 0x0000000619400000|  0%| F|  |TAMS 0x0000000619000000, 0x0000000619000000| Untracked 
|  88|0x0000000619400000, 0x0000000619400000, 0x0000000619800000|  0%| F|  |TAMS 0x0000000619400000, 0x0000000619400000| Untracked 
|  89|0x0000000619800000, 0x0000000619800000, 0x0000000619c00000|  0%| F|  |TAMS 0x0000000619800000, 0x0000000619800000| Untracked 
|  90|0x0000000619c00000, 0x0000000619c00000, 0x000000061a000000|  0%| F|  |TAMS 0x0000000619c00000, 0x0000000619c00000| Untracked 
|  91|0x000000061a000000, 0x000000061a000000, 0x000000061a400000|  0%| F|  |TAMS 0x000000061a000000, 0x000000061a000000| Untracked 
|  92|0x000000061a400000, 0x000000061a400000, 0x000000061a800000|  0%| F|  |TAMS 0x000000061a400000, 0x000000061a400000| Untracked 
|  93|0x000000061a800000, 0x000000061a800000, 0x000000061ac00000|  0%| F|  |TAMS 0x000000061a800000, 0x000000061a800000| Untracked 
|  94|0x000000061ac00000, 0x000000061ac00000, 0x000000061b000000|  0%| F|  |TAMS 0x000000061ac00000, 0x000000061ac00000| Untracked 
|  95|0x000000061b000000, 0x000000061b000000, 0x000000061b400000|  0%| F|  |TAMS 0x000000061b000000, 0x000000061b000000| Untracked 
|  96|0x000000061b400000, 0x000000061b400000, 0x000000061b800000|  0%| F|  |TAMS 0x000000061b400000, 0x000000061b400000| Untracked 
|  97|0x000000061b800000, 0x000000061b800000, 0x000000061bc00000|  0%| F|  |TAMS 0x000000061b800000, 0x000000061b800000| Untracked 
|  98|0x000000061bc00000, 0x000000061bc00000, 0x000000061c000000|  0%| F|  |TAMS 0x000000061bc00000, 0x000000061bc00000| Untracked 
|  99|0x000000061c000000, 0x000000061c000000, 0x000000061c400000|  0%| F|  |TAMS 0x000000061c000000, 0x000000061c000000| Untracked 
| 100|0x000000061c400000, 0x000000061c400000, 0x000000061c800000|  0%| F|  |TAMS 0x000000061c400000, 0x000000061c400000| Untracked 
| 101|0x000000061c800000, 0x000000061c800000, 0x000000061cc00000|  0%| F|  |TAMS 0x000000061c800000, 0x000000061c800000| Untracked 
| 102|0x000000061cc00000, 0x000000061cc00000, 0x000000061d000000|  0%| F|  |TAMS 0x000000061cc00000, 0x000000061cc00000| Untracked 
| 103|0x000000061d000000, 0x000000061d000000, 0x000000061d400000|  0%| F|  |TAMS 0x000000061d000000, 0x000000061d000000| Untracked 
| 104|0x000000061d400000, 0x000000061d400000, 0x000000061d800000|  0%| F|  |TAMS 0x000000061d400000, 0x000000061d400000| Untracked 
| 105|0x000000061d800000, 0x000000061d800000, 0x000000061dc00000|  0%| F|  |TAMS 0x000000061d800000, 0x000000061d800000| Untracked 
| 106|0x000000061dc00000, 0x000000061dc00000, 0x000000061e000000|  0%| F|  |TAMS 0x000000061dc00000, 0x000000061dc00000| Untracked 
| 107|0x000000061e000000, 0x000000061e000000, 0x000000061e400000|  0%| F|  |TAMS 0x000000061e000000, 0x000000061e000000| Untracked 
| 108|0x000000061e400000, 0x000000061e400000, 0x000000061e800000|  0%| F|  |TAMS 0x000000061e400000, 0x000000061e400000| Untracked 
| 109|0x000000061e800000, 0x000000061e800000, 0x000000061ec00000|  0%| F|  |TAMS 0x000000061e800000, 0x000000061e800000| Untracked 
| 110|0x000000061ec00000, 0x000000061ec00000, 0x000000061f000000|  0%| F|  |TAMS 0x000000061ec00000, 0x000000061ec00000| Untracked 
| 111|0x000000061f000000, 0x000000061f000000, 0x000000061f400000|  0%| F|  |TAMS 0x000000061f000000, 0x000000061f000000| Untracked 
| 112|0x000000061f400000, 0x000000061f400000, 0x000000061f800000|  0%| F|  |TAMS 0x000000061f400000, 0x000000061f400000| Untracked 
| 113|0x000000061f800000, 0x000000061f800000, 0x000000061fc00000|  0%| F|  |TAMS 0x000000061f800000, 0x000000061f800000| Untracked 
| 114|0x000000061fc00000, 0x000000061fc00000, 0x0000000620000000|  0%| F|  |TAMS 0x000000061fc00000, 0x000000061fc00000| Untracked 
| 115|0x0000000620000000, 0x0000000620000000, 0x0000000620400000|  0%| F|  |TAMS 0x0000000620000000, 0x0000000620000000| Untracked 
| 116|0x0000000620400000, 0x0000000620400000, 0x0000000620800000|  0%| F|  |TAMS 0x0000000620400000, 0x0000000620400000| Untracked 
| 117|0x0000000620800000, 0x0000000620800000, 0x0000000620c00000|  0%| F|  |TAMS 0x0000000620800000, 0x0000000620800000| Untracked 
| 118|0x0000000620c00000, 0x0000000620c00000, 0x0000000621000000|  0%| F|  |TAMS 0x0000000620c00000, 0x0000000620c00000| Untracked 
| 119|0x0000000621000000, 0x0000000621000000, 0x0000000621400000|  0%| F|  |TAMS 0x0000000621000000, 0x0000000621000000| Untracked 
| 120|0x0000000621400000, 0x0000000621400000, 0x0000000621800000|  0%| F|  |TAMS 0x0000000621400000, 0x0000000621400000| Untracked 
| 121|0x0000000621800000, 0x0000000621800000, 0x0000000621c00000|  0%| F|  |TAMS 0x0000000621800000, 0x0000000621800000| Untracked 
| 122|0x0000000621c00000, 0x0000000621c00000, 0x0000000622000000|  0%| F|  |TAMS 0x0000000621c00000, 0x0000000621c00000| Untracked 
| 123|0x0000000622000000, 0x0000000622000000, 0x0000000622400000|  0%| F|  |TAMS 0x0000000622000000, 0x0000000622000000| Untracked 
| 124|0x0000000622400000, 0x0000000622400000, 0x0000000622800000|  0%| F|  |TAMS 0x0000000622400000, 0x0000000622400000| Untracked 
| 125|0x0000000622800000, 0x0000000622800000, 0x0000000622c00000|  0%| F|  |TAMS 0x0000000622800000, 0x0000000622800000| Untracked 
| 126|0x0000000622c00000, 0x0000000622e00800, 0x0000000623000000| 50%| E|  |TAMS 0x0000000622c00000, 0x0000000622c00000| Complete 
| 127|0x0000000623000000, 0x0000000623400000, 0x0000000623400000|100%| E|CS|TAMS 0x0000000623000000, 0x0000000623000000| Complete 

Card table byte_map: [0x00000160ab090000,0x00000160ac080000] _byte_map_base: 0x00000160a8076000

Marking Bits (Prev, Next): (CMBitMap*) 0x0000016092ba7620, (CMBitMap*) 0x0000016092ba7660
 Prev Bits: [0x00000160ad070000, 0x00000160b4fa0000)
 Next Bits: [0x00000160b4fa0000, 0x00000160bced0000)

Polling page: 0x0000016090b00000

Metaspace:

Usage:
  Non-class:      4.27 MB capacity,     2.52 MB ( 59%) used,     1.75 MB ( 41%) free+waste,     1.12 KB ( <1%) overhead. 
      Class:    429.00 KB capacity,   255.65 KB ( 60%) used,   172.66 KB ( 40%) free+waste,   704 bytes ( <1%) overhead. 
       Both:      4.69 MB capacity,     2.77 MB ( 59%) used,     1.92 MB ( 41%) free+waste,     1.81 KB ( <1%) overhead. 

Virtual space:
  Non-class space:        8.00 MB reserved,       4.50 MB ( 56%) committed 
      Class space:        1.00 GB reserved,     512.00 KB ( <1%) committed 
             Both:        1.01 GB reserved,       5.00 MB ( <1%) committed 

Chunk freelists:
   Non-Class:  39.00 KB
       Class:  19.00 KB
        Both:  58.00 KB

MaxMetaspaceSize: 17179869184.00 GB
CompressedClassSpaceSize: 1.00 GB

CodeHeap 'non-profiled nmethods': size=120000Kb used=221Kb max_used=221Kb free=119778Kb
 bounds [0x00000160a2840000, 0x00000160a2ab0000, 0x00000160a9d70000]
CodeHeap 'profiled nmethods': size=120000Kb used=687Kb max_used=687Kb free=119312Kb
 bounds [0x000001609b310000, 0x000001609b580000, 0x00000160a2840000]
CodeHeap 'non-nmethods': size=5760Kb used=1226Kb max_used=1261Kb free=4533Kb
 bounds [0x000001609ad70000, 0x000001609afe0000, 0x000001609b310000]
 total_blobs=905 nmethods=516 adapters=302
 compilation: enabled
              stopped_count=0, restarted_count=0
 full_count=0

Compilation events (20 events):
Event: 1041.118 Thread 0x00000160c018a7b0  512       3       java.lang.String::<init> (74 bytes)
Event: 1041.120 Thread 0x00000160c018a7b0 

Event: 1041.120 Thread 0x00000160c018a7b0  513       3       java.lang.StringUTF16::compress (20 bytes)
Event: 1041.120 Thread 0x00000160c018a7b0 nmethod 513 0x000001609b3ba110 code [0x000001609b3ba2c0, 0x000001609b3ba4e8]
Event: 1291.192 Thread 0x00000160c01866f0  514       4       org.eclipse.jdt.launching.internal.org.objectweb.asm.ClassReader::readUnsignedShort (26 bytes)
Event: 1291.192 Thread 0x00000160c018a7b0  515       3       org.eclipse.jdt.launching.internal.org.objectweb.asm.ClassReader::readUtf (44 bytes)
Event: 1291.194 Thread 0x00000160c018a7b0 

Event: 1291.194 Thread 0x00000160c01866f0 

Event: 1446.126 Thread 0x00000160c018a7b0  516       3       java.lang.String::<init> (14 bytes)
Event: 1446.126 Thread 0x00000160c01866f0  519       4       org.eclipse.jdt.launching.internal.org.objectweb.asm.ClassReader::readUnsignedShort (26 bytes)
Event: 1446.126 Thread 0x00000160c018a7b0 nmethod 516 0x000001609b3ba590 code [0x000001609b3ba740, 0x000001609b3ba938]
Event: 1446.126 Thread 0x00000160c018a7b0  520       3       java.lang.String::hashCode (60 bytes)
Event: 1446.126 Thread 0x00000160c018a7b0 nmethod 520 0x000001609b3baa90 code [0x000001609b3bac60, 0x000001609b3bafb8]
Event: 1446.126 Thread 0x00000160c018a7b0  518       3       org.eclipse.jdt.launching.internal.org.objectweb.asm.ClassReader::getItem (7 bytes)
Event: 1446.126 Thread 0x00000160c018a7b0 nmethod 518 0x000001609b3bb090 code [0x000001609b3bb220, 0x000001609b3bb358]
Event: 1446.126 Thread 0x00000160c018a7b0  517       3       java.lang.String::rangeCheck (9 bytes)
Event: 1446.127 Thread 0x00000160c018a7b0 nmethod 517 0x000001609b3bb410 code [0x000001609b3bb5c0, 0x000001609b3bb6e8]
Event: 1446.127 Thread 0x00000160c018a7b0  521       3       org.eclipse.jdt.launching.internal.org.objectweb.asm.ClassReader::readUtf (44 bytes)
Event: 1446.127 Thread 0x00000160c018a7b0 nmethod 521 0x000001609b3bb790 code [0x000001609b3bb960, 0x000001609b3bbd78]
Event: 1446.129 Thread 0x00000160c01866f0 


GC Heap History (20 events):
Event: 8.767 GC heap before
{Heap before GC invocations=0 (full 0):
 garbage-first heap   total 524288K, used 24576K [0x0000000603400000, 0x0000000800000000)
  region size 4096K, 6 young (24576K), 0 survivors (0K)
 Metaspace       used 2809K, capacity 4806K, committed 5120K, reserved 1056768K
  class space    used 252K, capacity 429K, committed 512K, reserved 1048576K
}
Event: 8.769 GC heap after
{Heap after GC invocations=1 (full 0):
 garbage-first heap   total 524288K, used 1572K [0x0000000603400000, 0x0000000800000000)
  region size 4096K, 1 young (4096K), 1 survivors (4096K)
 Metaspace       used 2809K, capacity 4806K, committed 5120K, reserved 1056768K
  class space    used 252K, capacity 429K, committed 512K, reserved 1048576K
}
Event: 24.890 GC heap before
{Heap before GC invocations=1 (full 0):
 garbage-first heap   total 524288K, used 34340K [0x0000000603400000, 0x0000000800000000)
  region size 4096K, 9 young (36864K), 1 survivors (4096K)
 Metaspace       used 2809K, capacity 4806K, committed 5120K, reserved 1056768K
  class space    used 252K, capacity 429K, committed 512K, reserved 1048576K
}
Event: 24.891 GC heap after
{Heap after GC invocations=2 (full 0):
 garbage-first heap   total 524288K, used 1661K [0x0000000603400000, 0x0000000800000000)
  region size 4096K, 1 young (4096K), 1 survivors (4096K)
 Metaspace       used 2809K, capacity 4806K, committed 5120K, reserved 1056768K
  class space    used 252K, capacity 429K, committed 512K, reserved 1048576K
}
Event: 185.233 GC heap before
{Heap before GC invocations=2 (full 0):
 garbage-first heap   total 524288K, used 308861K [0x0000000603400000, 0x0000000800000000)
  region size 4096K, 76 young (311296K), 1 survivors (4096K)
 Metaspace       used 2809K, capacity 4806K, committed 5120K, reserved 1056768K
  class space    used 252K, capacity 429K, committed 512K, reserved 1048576K
}
Event: 185.235 GC heap after
{Heap after GC invocations=3 (full 0):
 garbage-first heap   total 524288K, used 1653K [0x0000000603400000, 0x0000000800000000)
  region size 4096K, 1 young (4096K), 1 survivors (4096K)
 Metaspace       used 2809K, capacity 4806K, committed 5120K, reserved 1056768K
  class space    used 252K, capacity 429K, committed 512K, reserved 1048576K
}
Event: 350.921 GC heap before
{Heap before GC invocations=3 (full 0):
 garbage-first heap   total 524288K, used 308853K [0x0000000603400000, 0x0000000800000000)
  region size 4096K, 76 young (311296K), 1 survivors (4096K)
 Metaspace       used 2809K, capacity 4806K, committed 5120K, reserved 1056768K
  class space    used 252K, capacity 429K, committed 512K, reserved 1048576K
}
Event: 350.923 GC heap after
{Heap after GC invocations=4 (full 0):
 garbage-first heap   total 524288K, used 1740K [0x0000000603400000, 0x0000000800000000)
  region size 4096K, 1 young (4096K), 1 survivors (4096K)
 Metaspace       used 2809K, capacity 4806K, committed 5120K, reserved 1056768K
  class space    used 252K, capacity 429K, committed 512K, reserved 1048576K
}
Event: 510.507 GC heap before
{Heap before GC invocations=4 (full 0):
 garbage-first heap   total 524288K, used 308940K [0x0000000603400000, 0x0000000800000000)
  region size 4096K, 76 young (311296K), 1 survivors (4096K)
 Metaspace       used 2809K, capacity 4806K, committed 5120K, reserved 1056768K
  class space    used 252K, capacity 429K, committed 512K, reserved 1048576K
}
Event: 510.509 GC heap after
{Heap after GC invocations=5 (full 0):
 garbage-first heap   total 524288K, used 1663K [0x0000000603400000, 0x0000000800000000)
  region size 4096K, 1 young (4096K), 1 survivors (4096K)
 Metaspace       used 2809K, capacity 4806K, committed 5120K, reserved 1056768K
  class space    used 252K, capacity 429K, committed 512K, reserved 1048576K
}
Event: 666.608 GC heap before
{Heap before GC invocations=5 (full 0):
 garbage-first heap   total 524288K, used 308863K [0x0000000603400000, 0x0000000800000000)
  region size 4096K, 76 young (311296K), 1 survivors (4096K)
 Metaspace       used 2809K, capacity 4806K, committed 5120K, reserved 1056768K
  class space    used 252K, capacity 429K, committed 512K, reserved 1048576K
}
Event: 666.610 GC heap after
{Heap after GC invocations=6 (full 0):
 garbage-first heap   total 524288K, used 1606K [0x0000000603400000, 0x0000000800000000)
  region size 4096K, 1 young (4096K), 1 survivors (4096K)
 Metaspace       used 2809K, capacity 4806K, committed 5120K, reserved 1056768K
  class space    used 252K, capacity 429K, committed 512K, reserved 1048576K
}
Event: 831.695 GC heap before
{Heap before GC invocations=6 (full 0):
 garbage-first heap   total 524288K, used 308806K [0x0000000603400000, 0x0000000800000000)
  region size 4096K, 76 young (311296K), 1 survivors (4096K)
 Metaspace       used 2812K, capacity 4806K, committed 5120K, reserved 1056768K
  class space    used 252K, capacity 429K, committed 512K, reserved 1048576K
}
Event: 831.697 GC heap after
{Heap after GC invocations=7 (full 0):
 garbage-first heap   total 524288K, used 1752K [0x0000000603400000, 0x0000000800000000)
  region size 4096K, 1 young (4096K), 1 survivors (4096K)
 Metaspace       used 2812K, capacity 4806K, committed 5120K, reserved 1056768K
  class space    used 252K, capacity 429K, committed 512K, reserved 1048576K
}
Event: 1016.999 GC heap before
{Heap before GC invocations=7 (full 0):
 garbage-first heap   total 524288K, used 308952K [0x0000000603400000, 0x0000000800000000)
  region size 4096K, 76 young (311296K), 1 survivors (4096K)
 Metaspace       used 2812K, capacity 4806K, committed 5120K, reserved 1056768K
  class space    used 252K, capacity 429K, committed 512K, reserved 1048576K
}
Event: 1017.000 GC heap after
{Heap after GC invocations=8 (full 0):
 garbage-first heap   total 524288K, used 1637K [0x0000000603400000, 0x0000000800000000)
  region size 4096K, 1 young (4096K), 1 survivors (4096K)
 Metaspace       used 2812K, capacity 4806K, committed 5120K, reserved 1056768K
  class space    used 252K, capacity 429K, committed 512K, reserved 1048576K
}
Event: 1249.340 GC heap before
{Heap before GC invocations=8 (full 0):
 garbage-first heap   total 524288K, used 308837K [0x0000000603400000, 0x0000000800000000)
  region size 4096K, 76 young (311296K), 1 survivors (4096K)
 Metaspace       used 2817K, capacity 4806K, committed 5120K, reserved 1056768K
  class space    used 253K, capacity 429K, committed 512K, reserved 1048576K
}
Event: 1249.341 GC heap after
{Heap after GC invocations=9 (full 0):
 garbage-first heap   total 524288K, used 1640K [0x0000000603400000, 0x0000000800000000)
  region size 4096K, 1 young (4096K), 1 survivors (4096K)
 Metaspace       used 2817K, capacity 4806K, committed 5120K, reserved 1056768K
  class space    used 253K, capacity 429K, committed 512K, reserved 1048576K
}
Event: 1495.029 GC heap before
{Heap before GC invocations=9 (full 0):
 garbage-first heap   total 524288K, used 308840K [0x0000000603400000, 0x0000000800000000)
  region size 4096K, 76 young (311296K), 1 survivors (4096K)
 Metaspace       used 2836K, capacity 4806K, committed 5120K, reserved 1056768K
  class space    used 255K, capacity 429K, committed 512K, reserved 1048576K
}
Event: 1495.031 GC heap after
{Heap after GC invocations=10 (full 0):
 garbage-first heap   total 524288K, used 1691K [0x0000000603400000, 0x0000000800000000)
  region size 4096K, 1 young (4096K), 1 survivors (4096K)
 Metaspace       used 2836K, capacity 4806K, committed 5120K, reserved 1056768K
  class space    used 255K, capacity 429K, committed 512K, reserved 1048576K
}

Deoptimization events (20 events):
Event: 0.374 Thread 0x0000016092b30570 DEOPT PACKING pc=0x000001609b385eed sp=0x0000003e3cbf7e90
Event: 0.374 Thread 0x0000016092b30570 DEOPT UNPACKING pc=0x000001609adbe23f sp=0x0000003e3cbf7358 mode 0
Event: 0.375 Thread 0x0000016092b30570 DEOPT PACKING pc=0x000001609b385eed sp=0x0000003e3cbf7e90
Event: 0.375 Thread 0x0000016092b30570 DEOPT UNPACKING pc=0x000001609adbe23f sp=0x0000003e3cbf7358 mode 0
Event: 0.375 Thread 0x0000016092b30570 DEOPT PACKING pc=0x000001609b385eed sp=0x0000003e3cbf7e90
Event: 0.375 Thread 0x0000016092b30570 DEOPT UNPACKING pc=0x000001609adbe23f sp=0x0000003e3cbf7358 mode 0
Event: 0.375 Thread 0x0000016092b30570 DEOPT PACKING pc=0x000001609b385eed sp=0x0000003e3cbf7e90
Event: 0.375 Thread 0x0000016092b30570 DEOPT UNPACKING pc=0x000001609adbe23f sp=0x0000003e3cbf7358 mode 0
Event: 0.377 Thread 0x0000016092b30570 DEOPT PACKING pc=0x000001609b385eed sp=0x0000003e3cbfb970
Event: 0.377 Thread 0x0000016092b30570 DEOPT UNPACKING pc=0x000001609adbe23f sp=0x0000003e3cbfae38 mode 0
Event: 0.378 Thread 0x0000016092b30570 DEOPT PACKING pc=0x000001609b385eed sp=0x0000003e3cbfb970
Event: 0.378 Thread 0x0000016092b30570 DEOPT UNPACKING pc=0x000001609adbe23f sp=0x0000003e3cbfae38 mode 0
Event: 0.380 Thread 0x0000016092b30570 DEOPT PACKING pc=0x000001609b385eed sp=0x0000003e3cbf7e10
Event: 0.380 Thread 0x0000016092b30570 DEOPT UNPACKING pc=0x000001609adbe23f sp=0x0000003e3cbf72d8 mode 0
Event: 0.382 Thread 0x0000016092b30570 DEOPT PACKING pc=0x000001609b385eed sp=0x0000003e3cbfb8a0
Event: 0.382 Thread 0x0000016092b30570 DEOPT UNPACKING pc=0x000001609adbe23f sp=0x0000003e3cbfad68 mode 0
Event: 1291.192 Thread 0x00000160c0355910 Uncommon trap: trap_request=0xffffff45 fr.pc=0x00000160a2848f6c relative=0x000000000000024c
Event: 1291.192 Thread 0x00000160c0355910 Uncommon trap: reason=unstable_if action=reinterpret pc=0x00000160a2848f6c method=java.lang.String.isLatin1()Z @ 10 c2
Event: 1291.192 Thread 0x00000160c0355910 DEOPT PACKING pc=0x00000160a2848f6c sp=0x0000003e3dbfdda0
Event: 1291.192 Thread 0x00000160c0355910 DEOPT UNPACKING pc=0x000001609adbe42f sp=0x0000003e3dbfdcd8 mode 2

Classes unloaded (0 events):
No events

Classes redefined (5 events):
Event: 1.163 Thread 0x00000160c015c6d0 redefined class name=test.com.Test04while, count=1
Event: 786.965 Thread 0x00000160c015c6d0 redefined class name=test.com.Test04while, count=2
Event: 1041.118 Thread 0x00000160c015c6d0 redefined class name=test.com.Test04while, count=3
Event: 1291.193 Thread 0x00000160c015c6d0 redefined class name=test.com.Test04while, count=4
Event: 1446.127 Thread 0x00000160c015c6d0 redefined class name=test.com.Test04while, count=5

Internal exceptions (3 events):
Event: 0.239 Thread 0x0000016092b30570 Exception <a 'java/lang/NoSuchMethodError'{0x00000006232c7f40}: 'void java.lang.invoke.DirectMethodHandle$Holder.invokeStatic(java.lang.Object, java.lang.Object)'> (0x00000006232c7f40) 
thrown [./open/src/hotspot/share/interpreter/linkResolver.cpp, line 782]
Event: 0.240 Thread 0x0000016092b30570 Exception <a 'java/lang/NoSuchMethodError'{0x00000006232cbbe8}: 'void java.lang.invoke.DirectMethodHandle$Holder.invokeStaticInit(java.lang.Object, java.lang.Object)'> (0x00000006232cbbe8) 
thrown [./open/src/hotspot/share/interpreter/linkResolver.cpp, line 782]
Event: 0.345 Thread 0x0000016092b30570 Exception <a 'java/lang/NoSuchMethodError'{0x0000000622c67828}: 'java.lang.Object java.lang.invoke.DirectMethodHandle$Holder.invokeStatic(java.lang.Object)'> (0x0000000622c67828) 
thrown [./open/src/hotspot/share/interpreter/linkResolver.cpp, line 782]

Events (20 events):
Event: 831.695 Executing VM operation: G1CollectForAllocation
Event: 831.697 Executing VM operation: G1CollectForAllocation done
Event: 1016.999 Executing VM operation: G1CollectForAllocation
Event: 1017.000 Executing VM operation: G1CollectForAllocation done
Event: 1041.118 Executing VM operation: RedefineClasses
Event: 1041.120 Executing VM operation: RedefineClasses done
Event: 1249.339 Executing VM operation: G1CollectForAllocation
Event: 1249.341 Executing VM operation: G1CollectForAllocation done
Event: 1291.192 Executing VM operation: RedefineClasses
Event: 1291.194 Executing VM operation: RedefineClasses done
Event: 1446.126 loading class java/io/Reader
Event: 1446.126 loading class java/io/Reader done
Event: 1446.126 loading class java/io/InputStreamReader
Event: 1446.127 loading class java/io/InputStreamReader done
Event: 1446.127 Executing VM operation: RedefineClasses
Event: 1446.129 Executing VM operation: RedefineClasses done
Event: 1495.029 Executing VM operation: G1CollectForAllocation
Event: 1495.031 Executing VM operation: G1CollectForAllocation done
Event: 1498.386 Executing VM operation: ChangeBreakpoints
Event: 1498.386 Executing VM operation: ChangeBreakpoints done


Dynamic libraries:
0x00007ff69cdd0000 - 0x00007ff69cddf000 	C:\Program Files\Java\jdk-15.0.2\bin\javaw.exe
0x00007fff79790000 - 0x00007fff79986000 	C:\Windows\SYSTEM32\ntdll.dll
0x00007fff77c20000 - 0x00007fff77cdd000 	C:\Windows\System32\KERNEL32.DLL
0x00007fff772f0000 - 0x00007fff775b9000 	C:\Windows\System32\KERNELBASE.dll
0x00007fff76ed0000 - 0x00007fff76fd0000 	C:\Windows\System32\ucrtbase.dll
0x00007fff5e5d0000 - 0x00007fff5e5e8000 	C:\Program Files\Java\jdk-15.0.2\bin\jli.dll
0x00007fff779a0000 - 0x00007fff77a4c000 	C:\Windows\System32\ADVAPI32.dll
0x00007fff79000000 - 0x00007fff7909e000 	C:\Windows\System32\msvcrt.dll
0x00007fff5d4c0000 - 0x00007fff5d4d9000 	C:\Program Files\Java\jdk-15.0.2\bin\VCRUNTIME140.dll
0x00007fff77b80000 - 0x00007fff77c1c000 	C:\Windows\System32\sechost.dll
0x00007fff77d10000 - 0x00007fff77e3b000 	C:\Windows\System32\RPCRT4.dll
0x00007fff78df0000 - 0x00007fff78f90000 	C:\Windows\System32\USER32.dll
0x00007fff776c0000 - 0x00007fff776e2000 	C:\Windows\System32\win32u.dll
0x00007fff4e2c0000 - 0x00007fff4e55b000 	C:\Windows\WinSxS\amd64_microsoft.windows.common-controls_6595b64144ccf1df_6.0.19041.746_none_ca02b4b61b8320a4\COMCTL32.dll
0x00007fff77ce0000 - 0x00007fff77d0a000 	C:\Windows\System32\GDI32.dll
0x00007fff77130000 - 0x00007fff7723b000 	C:\Windows\System32\gdi32full.dll
0x00007fff776f0000 - 0x00007fff7778d000 	C:\Windows\System32\msvcp_win.dll
0x00007fff70ad0000 - 0x00007fff70ada000 	C:\Windows\SYSTEM32\VERSION.dll
0x00007fff79200000 - 0x00007fff79230000 	C:\Windows\System32\IMM32.DLL
0x00007fff60810000 - 0x00007fff6081c000 	C:\Program Files\Java\jdk-15.0.2\bin\vcruntime140_1.dll
0x00007fff2e120000 - 0x00007fff2e1b1000 	C:\Program Files\Java\jdk-15.0.2\bin\msvcp140.dll
0x00007fff2cf00000 - 0x00007fff2da5e000 	C:\Program Files\Java\jdk-15.0.2\bin\server\jvm.dll
0x00007fff793e0000 - 0x00007fff793e8000 	C:\Windows\System32\PSAPI.DLL
0x00007fff5fc50000 - 0x00007fff5fc59000 	C:\Windows\SYSTEM32\WSOCK32.dll
0x00007fff4f7c0000 - 0x00007fff4f7e7000 	C:\Windows\SYSTEM32\WINMM.dll
0x00007fff79370000 - 0x00007fff793db000 	C:\Windows\System32\WS2_32.dll
0x00007fff757d0000 - 0x00007fff757e2000 	C:\Windows\SYSTEM32\kernel.appcore.dll
0x00007fff5d5f0000 - 0x00007fff5d5fa000 	C:\Program Files\Java\jdk-15.0.2\bin\jimage.dll
0x00007fff74c00000 - 0x00007fff74de4000 	C:\Windows\SYSTEM32\DBGHELP.DLL
0x00007fff68120000 - 0x00007fff6814c000 	C:\Windows\SYSTEM32\dbgcore.DLL
0x00007fff77610000 - 0x00007fff77690000 	C:\Windows\System32\bcryptPrimitives.dll
0x00007fff711a0000 - 0x00007fff711d9000 	C:\Program Files\Java\jdk-15.0.2\bin\jdwp.dll
0x00007fff72a70000 - 0x00007fff72a7e000 	C:\Program Files\Java\jdk-15.0.2\bin\instrument.dll
0x00007fff4a790000 - 0x00007fff4a7b5000 	C:\Program Files\Java\jdk-15.0.2\bin\java.dll
0x00007fff786a0000 - 0x00007fff78de3000 	C:\Windows\System32\SHELL32.dll
0x00007fff75030000 - 0x00007fff757bf000 	C:\Windows\SYSTEM32\windows.storage.dll
0x00007fff793f0000 - 0x00007fff79746000 	C:\Windows\System32\combase.dll
0x00007fff768c0000 - 0x00007fff768ec000 	C:\Windows\SYSTEM32\Wldp.dll
0x00007fff77ad0000 - 0x00007fff77b7e000 	C:\Windows\System32\SHCORE.dll
0x00007fff78640000 - 0x00007fff78695000 	C:\Windows\System32\shlwapi.dll
0x00007fff76e00000 - 0x00007fff76e26000 	C:\Windows\SYSTEM32\profapi.dll
0x00007fff72a00000 - 0x00007fff72a0b000 	C:\Program Files\Java\jdk-15.0.2\bin\dt_socket.dll
0x00007fff762d0000 - 0x00007fff7630b000 	C:\Windows\SYSTEM32\IPHLPAPI.DLL
0x00007fff765e0000 - 0x00007fff7664a000 	C:\Windows\system32\mswsock.dll
0x00007fff76310000 - 0x00007fff763db000 	C:\Windows\SYSTEM32\DNSAPI.dll
0x00007fff78f90000 - 0x00007fff78f98000 	C:\Windows\System32\NSI.dll
0x00007fff6da90000 - 0x00007fff6da9a000 	C:\Windows\System32\rasadhlp.dll
0x00007fff6dab0000 - 0x00007fff6db2f000 	C:\Windows\System32\fwpuclnt.dll
0x00007fff77690000 - 0x00007fff776b7000 	C:\Windows\System32\bcrypt.dll
0x00007fff48f80000 - 0x00007fff48f98000 	C:\Program Files\Java\jdk-15.0.2\bin\zip.dll
0x00007fff4e8c0000 - 0x00007fff4e8d9000 	C:\Program Files\Java\jdk-15.0.2\bin\net.dll
0x00007fff6db60000 - 0x00007fff6dc60000 	C:\Windows\SYSTEM32\WINHTTP.dll
0x00007fff4ad40000 - 0x00007fff4ad52000 	C:\Program Files\Java\jdk-15.0.2\bin\nio.dll
0x00007fff5d400000 - 0x00007fff5d410000 	C:\Program Files\Java\jdk-15.0.2\bin\verify.dll

dbghelp: loaded successfully - version: 4.0.5 - missing functions: none
symbol engine: initialized successfully - sym options: 0x614 - pdb path: .;C:\Program Files\Java\jdk-15.0.2\bin;C:\Windows\SYSTEM32;C:\Windows\WinSxS\amd64_microsoft.windows.common-controls_6595b64144ccf1df_6.0.19041.746_none_ca02b4b61b8320a4;C:\Program Files\Java\jdk-15.0.2\bin\server

VM Arguments:
jvm_args: -XX:+ShowCodeDetailsInExceptionMessages -agentlib:jdwp=transport=dt_socket,suspend=y,address=localhost:51669 -javaagent:C:\IOT\utils\eclipse\configuration\org.eclipse.osgi\405\0\.cp\lib\javaagent-shaded.jar -Dfile.encoding=UTF-8 
java_command: test.com.Test04while
java_class_path (initial): C:\IOT\web\javascript\java03statement\bin
Launcher Type: SUN_STANDARD

[Global flags]
     intx CICompilerCount                          = 4                                         {product} {ergonomic}
     uint ConcGCThreads                            = 2                                         {product} {ergonomic}
     uint G1ConcRefinementThreads                  = 8                                         {product} {ergonomic}
   size_t G1HeapRegionSize                         = 4194304                                   {product} {ergonomic}
    uintx GCDrainStackTargetSize                   = 64                                        {product} {ergonomic}
   size_t InitialHeapSize                          = 536870912                                 {product} {ergonomic}
   size_t MarkStackSize                            = 4194304                                   {product} {ergonomic}
   size_t MaxHeapSize                              = 8535408640                                {product} {ergonomic}
   size_t MaxNewSize                               = 5121245184                                {product} {ergonomic}
   size_t MinHeapDeltaBytes                        = 4194304                                   {product} {ergonomic}
   size_t MinHeapSize                              = 8388608                                   {product} {ergonomic}
    uintx NonNMethodCodeHeapSize                   = 5839372                                {pd product} {ergonomic}
    uintx NonProfiledCodeHeapSize                  = 122909434                              {pd product} {ergonomic}
    uintx ProfiledCodeHeapSize                     = 122909434                              {pd product} {ergonomic}
    uintx ReservedCodeCacheSize                    = 251658240                              {pd product} {ergonomic}
     bool SegmentedCodeCache                       = true                                      {product} {ergonomic}
     bool ShowCodeDetailsInExceptionMessages       = true                                   {manageable} {command line}
   size_t SoftMaxHeapSize                          = 8535408640                             {manageable} {ergonomic}
     bool UseCompressedClassPointers               = true                                 {lp64_product} {ergonomic}
     bool UseCompressedOops                        = true                                 {lp64_product} {ergonomic}
     bool UseG1GC                                  = true                                      {product} {ergonomic}
     bool UseLargePagesIndividualAllocation        = false                                  {pd product} {ergonomic}

Logging:
Log output configuration:
 #0: stdout all=warning uptime,level,tags
 #1: stderr all=off uptime,level,tags

Environment Variables:
PATH=C:\Program Files\Common Files\Oracle\Java\javapath;C:\Program Files (x86)\Common Files\Oracle\Java\javapath;C:\Windows\system32;C:\Windows;C:\Windows\System32\Wbem;C:\Windows\System32\WindowsPowerShell\v1.0\;C:\Windows\System32\OpenSSH\;C:\Users\KOSTA\AppData\Local\Microsoft\WindowsApps;
USERNAME=KOSTA
OS=Windows_NT
PROCESSOR_IDENTIFIER=Intel64 Family 6 Model 142 Stepping 12, GenuineIntel



---------------  S Y S T E M  ---------------

OS:
 Windows 10 , 64 bit Build 19041 (10.0.19041.662)
OS uptime: 1 days 21:13 hours

CPU: total 8 (initial active 8) (4 cores per cpu, 2 threads per core) family 6 model 142 stepping 12 microcode 0xca, cmov, cx8, fxsr, mmx, sse, sse2, sse3, ssse3, sse4.1, sse4.2, popcnt, vzeroupper, avx, avx2, aes, clmul, erms, 3dnowpref, lzcnt, ht, tsc, tscinvbit, bmi1, bmi2, adx, fma, clflush, clflushopt

Memory: 4k page, system-wide physical 32549M (23947M free)
TotalPageFile size 43616M (AvailPageFile size 5590M)
current process WorkingSet (physical memory assigned to process): 345M, peak: 345M
current process commit charge ("private bytes"): 616M, peak: 623M

vm_info: Java HotSpot(TM) 64-Bit Server VM (15.0.2+7-27) for windows-amd64 JRE (15.0.2+7-27), built on Dec  7 2020 20:07:01 by "mach5one" with unknown MS VC++:1925

END.
